<?xml version="1.0" encoding="utf-8"?><testsuites name="pytest tests"><testsuite name="pytest" errors="0" failures="0" skipped="1" tests="25" time="6.727" timestamp="2026-05-28T17:00:20.775395+00:00" hostname="agent-env-654051a1-cdd5-441c-bb0c-7c46b07553bb"><testcase classname="backend.tests.test_customer_flow.TestAuth" name="test_customer_login_returns_token_and_user" time="0.542" /><testcase classname="backend.tests.test_customer_flow.TestAuth" name="test_auth_me_returns_role_user" time="0.462" /><testcase classname="backend.tests.test_customer_flow.TestHome" name="test_banners" time="0.121" /><testcase classname="backend.tests.test_customer_flow.TestHome" name="test_categories" time="0.121" /><testcase classname="backend.tests.test_customer_flow.TestHome" name="test_products_grid_loads" time="0.116" /><testcase classname="backend.tests.test_customer_flow.TestHome" name="test_used_devices_filter" time="0.111" /><testcase classname="backend.tests.test_customer_flow.TestHome" name="test_competitions_list_real_data" time="0.146" /><testcase classname="backend.tests.test_customer_flow.TestProductDetail" name="test_product_detail_has_warranty_and_condition" time="0.258"><skipped type="pytest.skip" message="Product missing warranty_days field — data/seed gap (frontend falls back to 'بدون ضمان')">/app/backend/tests/test_customer_flow.py:113: Product missing warranty_days field — data/seed gap (frontend falls back to 'بدون ضمان')</skipped></testcase><testcase classname="backend.tests.test_customer_flow.TestCartCheckout" name="test_add_to_cart_then_get" time="0.887" /><testcase classname="backend.tests.test_customer_flow.TestCartCheckout" name="test_delivery_quote_three_types" time="0.329" /><testcase classname="backend.tests.test_customer_flow.TestCartCheckout" name="test_order_create_with_dest_coords" time="0.444" /><testcase classname="backend.tests.test_customer_flow.TestSocial" name="test_get_posts" time="0.108" /><testcase classname="backend.tests.test_customer_flow.TestSocial" name="test_get_stories" time="0.113" /><testcase classname="backend.tests.test_customer_flow.TestSocial" name="test_like_and_comment_toggle" time="0.726" /><testcase classname="backend.tests.test_customer_flow.TestSocial" name="test_poll_vote" time="0.230" /><testcase classname="backend.tests.test_customer_flow.TestSocial" name="test_customer_cannot_create_merchant_post" time="0.108" /><testcase classname="backend.tests.test_customer_flow.TestCompetitions" name="test_join_competition" time="0.212" /><testcase classname="backend.tests.test_customer_flow.TestOrderTracking" name="test_tracking_requires_auth" time="0.660" /><testcase classname="backend.tests.test_customer_flow.TestAddressesLocation" name="test_get_addresses" time="0.112" /><testcase classname="backend.tests.test_customer_flow.TestAddressesLocation" name="test_post_address" time="0.107" /><testcase classname="backend.tests.test_customer_flow.TestAddressesLocation" name="test_update_location" time="0.115" /><testcase classname="backend.tests.test_customer_flow.TestAddressesLocation" name="test_nearest_branch" time="0.123" /><testcase classname="backend.tests.test_customer_flow.TestWarranties" name="test_warranties_endpoint" time="0.122" /><testcase classname="backend.tests.test_customer_flow.TestProfile" name="test_user_profile" time="0.239" /><testcase classname="backend.tests.test_customer_flow.TestProfile" name="test_users_me_profile_endpoint_missing" time="0.108" /></testsuite></testsuites>