<?xml version="1.0" encoding="utf-8"?><testsuites name="pytest tests"><testsuite name="pytest" errors="0" failures="0" skipped="0" tests="4" time="2.024" timestamp="2026-09-25T23:00:35.875857+00:00" hostname="agent-env-654051a1-cdd5-441c-bb0c-7c46b07553bb"><testcase classname="backend.tests.test_deep_analytics_v1_13_14" name="test_product_deep_analytics" time="1.000" /><testcase classname="backend.tests.test_deep_analytics_v1_13_14" name="test_service_deep_analytics" time="0.297" /><testcase classname="backend.tests.test_deep_analytics_v1_13_14" name="test_competition_deep_analytics" time="0.401" /><testcase classname="backend.tests.test_deep_analytics_v1_13_14" name="test_post_deep_analytics" time="0.256" /></testsuite></testsuites>