<?xml version="1.0" encoding="utf-8"?><testsuites name="pytest tests"><testsuite name="pytest" errors="0" failures="0" skipped="1" tests="10" time="0.369" timestamp="2026-09-25T23:45:27.209768+00:00" hostname="agent-env-654051a1-cdd5-441c-bb0c-7c46b07553bb"><testcase classname="backend.tests.test_deep_analytics_v1_13_15.TestServiceDeepAnalytics" name="test_pick_service_with_returns" time="0.242" /><testcase classname="backend.tests.test_deep_analytics_v1_13_15.TestServiceDeepAnalytics" name="test_service_response_shape" time="0.000" /><testcase classname="backend.tests.test_deep_analytics_v1_13_15.TestServiceDeepAnalytics" name="test_service_return_item_fields" time="0.000"><skipped type="pytest.skip" message="No returns in picked service; complaints validated separately">/app/backend/tests/test_deep_analytics_v1_13_15.py:78: No returns in picked service; complaints validated separately</skipped></testcase><testcase classname="backend.tests.test_deep_analytics_v1_13_15.TestServiceDeepAnalytics" name="test_service_complaint_item_fields" time="0.000" /><testcase classname="backend.tests.test_deep_analytics_v1_13_15.TestCompetitionDeepAnalytics" name="test_pick_competition_and_fetch" time="0.013" /><testcase classname="backend.tests.test_deep_analytics_v1_13_15.TestCompetitionDeepAnalytics" name="test_competition_winners_shape" time="0.000" /><testcase classname="backend.tests.test_deep_analytics_v1_13_15.TestCompetitionDeepAnalytics" name="test_competition_videos_shape" time="0.000" /><testcase classname="backend.tests.test_deep_analytics_v1_13_15.TestCompetitionDeepAnalytics" name="test_competition_kpi_videos_count" time="0.000" /><testcase classname="backend.tests.test_deep_analytics_v1_13_15.TestSocialPostsCount" name="test_posts_count" time="0.014" /><testcase classname="backend.tests.test_deep_analytics_v1_13_15.TestSocialPostsCount" name="test_post_deep_analytics_shape" time="0.019" /></testsuite></testsuites>