<?xml version="1.0" encoding="utf-8"?><testsuites name="pytest tests"><testsuite name="pytest" errors="0" failures="0" skipped="0" tests="12" time="5.697" timestamp="2026-09-01T14:11:44.097222+00:00" hostname="agent-env-654051a1-cdd5-441c-bb0c-7c46b07553bb"><testcase classname="backend.tests.test_dual_warranty.TestDualWarrantyBoth" name="test_create_product_with_both_warranties" time="1.220" /><testcase classname="backend.tests.test_dual_warranty.TestShopOnlyWarranty" name="test_create_shop_only_defaults_manufacturer" time="0.490" /><testcase classname="backend.tests.test_dual_warranty.TestNoWarranty" name="test_create_no_warranty" time="0.274" /><testcase classname="backend.tests.test_dual_warranty.TestBackwardCompat" name="test_omit_warranty_and_colors" time="0.329" /><testcase classname="backend.tests.test_dual_warranty.TestDemoSeed" name="test_iphone_16_pro_max_dual_warranty" time="0.142" /><testcase classname="backend.tests.test_dual_warranty.TestDemoSeed" name="test_iphone_13_used_shop_only" time="0.222" /><testcase classname="backend.tests.test_dual_warranty.TestDemoSeed" name="test_demo_services_present" time="0.235" /><testcase classname="backend.tests.test_dual_warranty.TestDemoSeed" name="test_customer_has_four_bookings" time="0.568" /><testcase classname="backend.tests.test_dual_warranty.TestDemoSeed" name="test_in_progress_booking_has_two_updates" time="0.285" /><testcase classname="backend.tests.test_dual_warranty.TestDemoSeed" name="test_update_reviews_five_stars" time="0.523" /><testcase classname="backend.tests.test_dual_warranty.TestDemoSeed" name="test_completed_service_experiences" time="0.442" /><testcase classname="backend.tests.test_dual_warranty.TestDemoSeed" name="test_service_update_notification" time="0.878" /></testsuite></testsuites>