<?xml version="1.0" encoding="utf-8"?><testsuites name="pytest tests"><testsuite name="pytest" errors="0" failures="0" skipped="0" tests="15" time="1.280" timestamp="2026-05-28T17:50:34.409648+00:00" hostname="agent-env-654051a1-cdd5-441c-bb0c-7c46b07553bb"><testcase classname="backend.tests.test_employees_support.TestSupportInfo" name="test_get_support_public" time="0.004" /><testcase classname="backend.tests.test_employees_support.TestSupportInfo" name="test_update_support_as_merchant" time="0.236" /><testcase classname="backend.tests.test_employees_support.TestSupportInfo" name="test_update_support_as_customer_blocked" time="0.227" /><testcase classname="backend.tests.test_employees_support.TestEmployees" name="test_customer_blocked_list" time="0.002" /><testcase classname="backend.tests.test_employees_support.TestEmployees" name="test_customer_blocked_create" time="0.002" /><testcase classname="backend.tests.test_employees_support.TestEmployees" name="test_invalid_perm_create" time="0.231" /><testcase classname="backend.tests.test_employees_support.TestEmployees" name="test_create_employee" time="0.225" /><testcase classname="backend.tests.test_employees_support.TestEmployees" name="test_employee_login" time="0.225" /><testcase classname="backend.tests.test_employees_support.TestEmployees" name="test_employee_can_post_social" time="0.005" /><testcase classname="backend.tests.test_employees_support.TestEmployees" name="test_employee_blocked_update_support" time="0.003" /><testcase classname="backend.tests.test_employees_support.TestEmployees" name="test_employee_blocked_delete_employee" time="0.002" /><testcase classname="backend.tests.test_employees_support.TestEmployees" name="test_list_employees" time="0.003" /><testcase classname="backend.tests.test_employees_support.TestEmployees" name="test_update_employee" time="0.006" /><testcase classname="backend.tests.test_employees_support.TestEmployees" name="test_employee_perms_list" time="0.002" /><testcase classname="backend.tests.test_employees_support.TestEmployees" name="test_delete_employee" time="0.013" /></testsuite></testsuites>