<?xml version="1.0" encoding="utf-8"?><testsuites name="pytest tests"><testsuite name="pytest" errors="0" failures="3" skipped="0" tests="12" time="1.066" timestamp="2026-05-28T19:10:19.544296+00:00" hostname="agent-env-654051a1-cdd5-441c-bb0c-7c46b07553bb"><testcase classname="backend.tests.test_employees_support_v2" name="test_01_merchant_login" time="0.454" /><testcase classname="backend.tests.test_employees_support_v2" name="test_02_get_support_public_has_all_fields" time="0.005"><failure message="AssertionError: missing field phone in support response&#10;assert 'phone' in {'contact_via_social_first': False, 'email': 'test@zitex.sa', 'whatsapp': '966555555555'}">backend/tests/test_employees_support_v2.py:68: in test_02_get_support_public_has_all_fields
    assert f in d, f"missing field {f} in support response"
E   AssertionError: missing field phone in support response
E   assert 'phone' in {'contact_via_social_first': False, 'email': 'test@zitex.sa', 'whatsapp': '966555555555'}</failure></testcase><testcase classname="backend.tests.test_employees_support_v2" name="test_03_update_support" time="0.004" /><testcase classname="backend.tests.test_employees_support_v2" name="test_04_get_support_after_update" time="0.002" /><testcase classname="backend.tests.test_employees_support_v2" name="test_05_employee_perms" time="0.002" /><testcase classname="backend.tests.test_employees_support_v2" name="test_06_list_employees" time="0.002" /><testcase classname="backend.tests.test_employees_support_v2" name="test_07_create_employee" time="0.225" /><testcase classname="backend.tests.test_employees_support_v2" name="test_08_employee_login" time="0.225" /><testcase classname="backend.tests.test_employees_support_v2" name="test_09_employee_can_get_social_posts" time="0.002"><failure message="AssertionError: 405 {&quot;detail&quot;:&quot;Method Not Allowed&quot;}&#10;assert 405 == 200&#10; +  where 405 = &lt;Response [405]&gt;.status_code">backend/tests/test_employees_support_v2.py:155: in test_09_employee_can_get_social_posts
    assert r.status_code == 200, f"{r.status_code} {r.text}"
E   AssertionError: 405 {"detail":"Method Not Allowed"}
E   assert 405 == 200
E    +  where 405 = &lt;Response [405]&gt;.status_code</failure></testcase><testcase classname="backend.tests.test_employees_support_v2" name="test_10_employee_blocked_products" time="0.004"><failure message="AssertionError: 200 [{&quot;name_ar&quot;:&quot;آيفون 14 (مستعمل)&quot;,&quot;name_en&quot;:&quot;iPhone 14 (Used)&quot;,&quot;description_ar&quot;:&quot;آيفون 14 بحالة ممتازة - مستعمل 3 أشهر&quot;,&quot;description_en&quot;:&quot;iPhone 14 excellent condition - used 3 months&quot;,&quot;category_id&quot;:&quot;69de84a52eaf27712e28b14e&quot;,&quot;brand_id&quot;:&quot;69de84a52eaf27712e28b154&quot;,&quot;price&quot;:2499,&quot;discount_price&quot;:null,&quot;condition&quot;:&quot;used_3months&quot;,&quot;colors&quot;:[{&quot;name&quot;:&quot;أزرق&quot;,&quot;hex&quot;:&quot;#007AFF&quot;}],&quot;storage_options&quot;:[&quot;128GB&quot;],&quot;images&quot;:[&quot;https://images.unsplash.com/photo-1615655406736-b37c4fabf923?w=400&quot;],&quot;specs&quot;:{&quot;screen&quot;:&quot;6.1 بوصة&quot;,&quot;camera&quot;:&quot;12 MP&quot;,&quot;battery&quot;:&quot;3279 mAh&quot;,&quot;os&quot;:&quot;iOS 16&quot;},&quot;rating&quot;:5.0,&quot;review_count&quot;:1,&quot;sold_count&quot;:89,&quot;in_stock&quot;:true,&quot;featured&quot;:false,&quot;published&quot;:true,&quot;created_at&quot;:&quot;2026-04-14T18:17:09.159956+00:00&quot;,&quot;warranty_days&quot;:90,&quot;warranty_type&quot;:&quot;ضمان المتجر&quot;,&quot;id&quot;:&quot;69de84a52eaf27712e28b15e&quot;},{&quot;name_ar&quot;:&quot;آيباد برو 12.9&quot;,&quot;name_en&quot;:&quot;iPad Pro 12.9&quot;,&quot;description_ar&quot;:&quot;جهاز لوحي احترافي بمعالج M2 وشاشة Liquid Retina XDR&quot;,&quot;description_en&quot;:&quot;Professional tablet with M2 chip&quot;,&quot;category_id&quot;:&quot;69de84a52eaf27712e28b14f&quot;,&quot;brand_id&quot;:&quot;69de84a52eaf27712e28b154&quot;,&quot;price&quot;:5499,&quot;discount_price&quot;:4999,&quot;condition&quot;:&quot;new&quot;,&quot;colors&quot;:[{&quot;name&quot;:&quot;فضي&quot;,&quot;hex&quot;:&quot;#C0C0C0&quot;},{&quot;name&quot;:&quot;رمادي فلكي&quot;,&quot;hex&quot;:&quot;#52525B&quot;}],&quot;storage_options&quot;:[&quot;128GB&quot;,&quot;256GB&quot;,&quot;512GB&quot;],&quot;images&quot;:[&quot;https://images.unsplash.com/photo-1615655406736-b37c4fabf923?w=400&quot;],&quot;specs&quot;:{&quot;screen&quot;:&quot;12.9 بوصة&quot;,&quot;processor&quot;:&quot;M2&quot;,&quot;camera&quot;:&quot;12 MP&quot;},&quot;rating&quot;:4.8,&quot;review_count&quot;:98,&quot;sold_count&quot;:670,&quot;in_stock&quot;:true,&quot;featured&quot;:true,&quot;published&quot;:true,&quot;created_at&quot;:&quot;2026-04-14T18:17:09.159953+00:00&quot;,&quot;warranty_days&quot;:365,&quot;warranty_type&quot;:&quot;الوكيل الرسمي&quot;,&quot;id&quot;:&quot;69de84a52eaf27712e28b15d&quot;},{&quot;name_ar&quot;:&quot;سماعات سوني WH-1000XM5&quot;,&quot;name_en&quot;:&quot;Sony WH-1000XM5&quot;,&quot;description_ar&quot;:&quot;أفضل سماعات لاسلكية مع إلغاء الضوضاء&quot;,&quot;description_en&quot;:&quot;Best noise cancelling wireless headphones&quot;,&quot;category_id&quot;:&quot;69de84a52eaf27712e28b151&quot;,&quot;brand_id&quot;:&quot;69de84a52eaf27712e28b158&quot;,&quot;price&quot;:1499,&quot;discount_price&quot;:1299,&quot;condition&quot;:&quot;new&quot;,&quot;colors&quot;:[{&quot;name&quot;:&quot;أسود&quot;,&quot;hex&quot;:&quot;#1A1A1A&quot;},{&quot;name&quot;:&quot;فضي&quot;,&quot;hex&quot;:&quot;#D4D4D4&quot;}],&quot;storage_options&quot;:[],&quot;images&quot;:[&quot;https://images.unsplash.com/photo-1584585696759-1df9872e1eca?w=400&quot;],&quot;specs&quot;:{&quot;type&quot;:&quot;Over-ear&quot;,&quot;battery&quot;:&quot;30 ساعة&quot;,&quot;noise_cancelling&quot;:&quot;نعم&quot;},&quot;rating&quot;:4.6,&quot;review_count&quot;:312,&quot;sold_count&quot;:2100,&quot;in_stock&quot;:true,&quot;featured&quot;:true,&quot;published&quot;:true,&quot;created_at&quot;:&quot;2026-04-14T18:17:09.159947+00:00&quot;,&quot;warranty_days&quot;:365,&quot;warranty_type&quot;:&quot;الوكيل الرسمي&quot;,&quot;id&quot;:&quot;69de84a52eaf27712e28b15c&quot;},{&quot;name_ar&quot;:&quot;ماك بوك برو 16&quot;,&quot;name_en&quot;:&quot;MacBook Pro 16&quot;,&quot;description_ar&quot;:&quot;لابتوب احترافي بمعالج M3 Max وشاشة Liquid Retina XDR&quot;,&quot;description_en&quot;:&quot;Professional laptop with M3 Max chip&quot;,&quot;category_id&quot;:&quot;69de84a52eaf27712e28b150&quot;,&quot;brand_id&quot;:&quot;69de84a52eaf27712e28b154&quot;,&quot;price&quot;:12999,&quot;discount_price&quot;:11999,&quot;condition&quot;:&quot;new&quot;,&quot;colors&quot;:[{&quot;name&quot;:&quot;فضي&quot;,&quot;hex&quot;:&quot;#C0C0C0&quot;},{&quot;name&quot;:&quot;رمادي فلكي&quot;,&quot;hex&quot;:&quot;#52525B&quot;}],&quot;storage_options&quot;:[&quot;512GB&quot;,&quot;1TB&quot;,&quot;2TB&quot;],&quot;images&quot;:[&quot;https://images.unsplash.com/photo-1622131815526-eaae1e615381?w=400&quot;],&quot;specs&quot;:{&quot;screen&quot;:&quot;16.2 بوصة&quot;,&quot;processor&quot;:&quot;M3 Max&quot;,&quot;ram&quot;:&quot;36GB&quot;,&quot;battery&quot;:&quot;22 ساعة&quot;},&quot;rating&quot;:4.9,&quot;review_count&quot;:156,&quot;sold_count&quot;:450,&quot;in_stock&quot;:true,&quot;featured&quot;:true,&quot;published&quot;:true,&quot;created_at&quot;:&quot;2026-04-14T18:17:09.159943+00:00&quot;,&quot;warranty_days&quot;:365,&quot;warranty_type&quot;:&quot;الوكيل الرسمي&quot;,&quot;id&quot;:&quot;69de84a52eaf27712e28b15b&quot;},{&quot;name_ar&quot;:&quot;سامسونج جالكسي S24 ألترا&quot;,&quot;name_en&quot;:&quot;Samsung Galaxy S24 Ultra&quot;,&quot;description_ar&quot;:&quot;هاتف رائد بقلم S Pen ومعالج Snapdragon 8 Gen 3&quot;,&quot;description_en&quot;:&quot;Flagship phone with S Pen and Snapdragon 8 Gen 3&quot;,&quot;category_id&quot;:&quot;69de84a52eaf27712e28b14e&quot;,&quot;brand_id&quot;:&quot;69de84a52eaf27712e28b155&quot;,&quot;price&quot;:4799,&quot;discount_price&quot;:null,&quot;condition&quot;:&quot;new&quot;,&quot;colors&quot;:[{&quot;name&quot;:&quot;رمادي تيتانيوم&quot;,&quot;hex&quot;:&quot;#A0A0A0&quot;},{&quot;name&quot;:&quot;بنفسجي&quot;,&quot;hex&quot;:&quot;#8833FF&quot;}],&quot;storage_options&quot;:[&quot;256GB&quot;,&quot;512GB&quot;],&quot;images&quot;:[&quot;https://images.pexels.com/photos/6373185/pexels-photo-6373185.jpeg?w=400&quot;],&quot;specs&quot;:{&quot;screen&quot;:&quot;6.8 بوصة&quot;,&quot;camera&quot;:&quot;200 MP&quot;,&quot;battery&quot;:&quot;5000 mAh&quot;,&quot;os&quot;:&quot;Android 14&quot;,&quot;processor&quot;:&quot;Snapdragon 8 Gen 3&quot;},&quot;rating&quot;:4.7,&quot;review_count&quot;:189,&quot;sold_count&quot;:980,&quot;in_stock&quot;:true,&quot;featured&quot;:true,&quot;published&quot;:true,&quot;created_at&quot;:&quot;2026-04-14T18:17:09.159938+00:00&quot;,&quot;warranty_days&quot;:365,&quot;warranty_type&quot;:&quot;الوكيل الرسمي&quot;,&quot;id&quot;:&quot;69de84a52eaf27712e28b15a&quot;},{&quot;name_ar&quot;:&quot;آيفون 15 برو ماكس&quot;,&quot;name_en&quot;:&quot;iPhone 15 Pro Max&quot;,&quot;description_ar&quot;:&quot;أحدث هاتف من أبل بمعالج A17 Pro وكاميرا 48 ميغابيكسل&quot;,&quot;description_en&quot;:&quot;Latest Apple phone with A17 Pro chip and 48MP camera&quot;,&quot;category_id&quot;:&quot;69de84a52eaf27712e28b14e&quot;,&quot;brand_id&quot;:&quot;69de84a52eaf27712e28b154&quot;,&quot;price&quot;:4999,&quot;discount_price&quot;:4499,&quot;condition&quot;:&quot;new&quot;,&quot;colors&quot;:[{&quot;name&quot;:&quot;تيتانيوم طبيعي&quot;,&quot;hex&quot;:&quot;#A0A0A0&quot;},{&quot;name&quot;:&quot;تيتانيوم أزرق&quot;,&quot;hex&quot;:&quot;#3D4F7C&quot;},{&quot;name&quot;:&quot;تيتانيوم أسود&quot;,&quot;hex&quot;:&quot;#2C2C2C&quot;}],&quot;storage_options&quot;:[&quot;256GB&quot;,&quot;512GB&quot;,&quot;1TB&quot;],&quot;images&quot;:[&quot;https://images.unsplash.com/photo-1615655406736-b37c4fabf923?w=400&quot;],&quot;specs&quot;:{&quot;screen&quot;:&quot;6.7 بوصة&quot;,&quot;camera&quot;:&quot;48 MP&quot;,&quot;battery&quot;:&quot;4441 mAh&quot;,&quot;os&quot;:&quot;iOS 17&quot;,&quot;processor&quot;:&quot;A17 Pro&quot;},&quot;rating&quot;:4.8,&quot;review_count&quot;:234,&quot;sold_count&quot;:1520,&quot;in_stock&quot;:true,&quot;featured&quot;:true,&quot;published&quot;:true,&quot;created_at&quot;:&quot;2026-04-14T18:17:09.159924+00:00&quot;,&quot;warranty_days&quot;:365,&quot;warranty_type&quot;:&quot;الوكيل الرسمي&quot;,&quot;id&quot;:&quot;69de84a52eaf27712e28b159&quot;}]&#10;assert 200 == 403&#10; +  where 200 = &lt;Response [200]&gt;.status_code">backend/tests/test_employees_support_v2.py:162: in test_10_employee_blocked_products
    assert r.status_code == 403, f"{r.status_code} {r.text}"
E   AssertionError: 200 [{"name_ar":"آيفون 14 (مستعمل)","name_en":"iPhone 14 (Used)","description_ar":"آيفون 14 بحالة ممتازة - مستعمل 3 أشهر","description_en":"iPhone 14 excellent condition - used 3 months","category_id":"69de84a52eaf27712e28b14e","brand_id":"69de84a52eaf27712e28b154","price":2499,"discount_price":null,"condition":"used_3months","colors":[{"name":"أزرق","hex":"#007AFF"}],"storage_options":["128GB"],"images":["https://images.unsplash.com/photo-1615655406736-b37c4fabf923?w=400"],"specs":{"screen":"6.1 بوصة","camera":"12 MP","battery":"3279 mAh","os":"iOS 16"},"rating":5.0,"review_count":1,"sold_count":89,"in_stock":true,"featured":false,"published":true,"created_at":"2026-04-14T18:17:09.159956+00:00","warranty_days":90,"warranty_type":"ضمان المتجر","id":"69de84a52eaf27712e28b15e"},{"name_ar":"آيباد برو 12.9","name_en":"iPad Pro 12.9","description_ar":"جهاز لوحي احترافي بمعالج M2 وشاشة Liquid Retina XDR","description_en":"Professional tablet with M2 chip","category_id":"69de84a52eaf27712e28b14f","brand_id":"69de84a52eaf27712e28b154","price":5499,"discount_price":4999,"condition":"new","colors":[{"name":"فضي","hex":"#C0C0C0"},{"name":"رمادي فلكي","hex":"#52525B"}],"storage_options":["128GB","256GB","512GB"],"images":["https://images.unsplash.com/photo-1615655406736-b37c4fabf923?w=400"],"specs":{"screen":"12.9 بوصة","processor":"M2","camera":"12 MP"},"rating":4.8,"review_count":98,"sold_count":670,"in_stock":true,"featured":true,"published":true,"created_at":"2026-04-14T18:17:09.159953+00:00","warranty_days":365,"warranty_type":"الوكيل الرسمي","id":"69de84a52eaf27712e28b15d"},{"name_ar":"سماعات سوني WH-1000XM5","name_en":"Sony WH-1000XM5","description_ar":"أفضل سماعات لاسلكية مع إلغاء الضوضاء","description_en":"Best noise cancelling wireless headphones","category_id":"69de84a52eaf27712e28b151","brand_id":"69de84a52eaf27712e28b158","price":1499,"discount_price":1299,"condition":"new","colors":[{"name":"أسود","hex":"#1A1A1A"},{"name":"فضي","hex":"#D4D4D4"}],"storage_options":[],"images":["https://images.unsplash.com/photo-1584585696759-1df9872e1eca?w=400"],"specs":{"type":"Over-ear","battery":"30 ساعة","noise_cancelling":"نعم"},"rating":4.6,"review_count":312,"sold_count":2100,"in_stock":true,"featured":true,"published":true,"created_at":"2026-04-14T18:17:09.159947+00:00","warranty_days":365,"warranty_type":"الوكيل الرسمي","id":"69de84a52eaf27712e28b15c"},{"name_ar":"ماك بوك برو 16","name_en":"MacBook Pro 16","description_ar":"لابتوب احترافي بمعالج M3 Max وشاشة Liquid Retina XDR","description_en":"Professional laptop with M3 Max chip","category_id":"69de84a52eaf27712e28b150","brand_id":"69de84a52eaf27712e28b154","price":12999,"discount_price":11999,"condition":"new","colors":[{"name":"فضي","hex":"#C0C0C0"},{"name":"رمادي فلكي","hex":"#52525B"}],"storage_options":["512GB","1TB","2TB"],"images":["https://images.unsplash.com/photo-1622131815526-eaae1e615381?w=400"],"specs":{"screen":"16.2 بوصة","processor":"M3 Max","ram":"36GB","battery":"22 ساعة"},"rating":4.9,"review_count":156,"sold_count":450,"in_stock":true,"featured":true,"published":true,"created_at":"2026-04-14T18:17:09.159943+00:00","warranty_days":365,"warranty_type":"الوكيل الرسمي","id":"69de84a52eaf27712e28b15b"},{"name_ar":"سامسونج جالكسي S24 ألترا","name_en":"Samsung Galaxy S24 Ultra","description_ar":"هاتف رائد بقلم S Pen ومعالج Snapdragon 8 Gen 3","description_en":"Flagship phone with S Pen and Snapdragon 8 Gen 3","category_id":"69de84a52eaf27712e28b14e","brand_id":"69de84a52eaf27712e28b155","price":4799,"discount_price":null,"condition":"new","colors":[{"name":"رمادي تيتانيوم","hex":"#A0A0A0"},{"name":"بنفسجي","hex":"#8833FF"}],"storage_options":["256GB","512GB"],"images":["https://images.pexels.com/photos/6373185/pexels-photo-6373185.jpeg?w=400"],"specs":{"screen":"6.8 بوصة","camera":"200 MP","battery":"5000 mAh","os":"Android 14","processor":"Snapdragon 8 Gen 3"},"rating":4.7,"review_count":189,"sold_count":980,"in_stock":true,"featured":true,"published":true,"created_at":"2026-04-14T18:17:09.159938+00:00","warranty_days":365,"warranty_type":"الوكيل الرسمي","id":"69de84a52eaf27712e28b15a"},{"name_ar":"آيفون 15 برو ماكس","name_en":"iPhone 15 Pro Max","description_ar":"أحدث هاتف من أبل بمعالج A17 Pro وكاميرا 48 ميغابيكسل","description_en":"Latest Apple phone with A17 Pro chip and 48MP camera","category_id":"69de84a52eaf27712e28b14e","brand_id":"69de84a52eaf27712e28b154","price":4999,"discount_price":4499,"condition":"new","colors":[{"name":"تيتانيوم طبيعي","hex":"#A0A0A0"},{"name":"تيتانيوم أزرق","hex":"#3D4F7C"},{"name":"تيتانيوم أسود","hex":"#2C2C2C"}],"storage_options":["256GB","512GB","1TB"],"images":["https://images.unsplash.com/photo-1615655406736-b37c4fabf923?w=400"],"specs":{"screen":"6.7 بوصة","camera":"48 MP","battery":"4441 mAh","os":"iOS 17","processor":"A17 Pro"},"rating":4.8,"review_count":234,"sold_count":1520,"in_stock":true,"featured":true,"published":true,"created_at":"2026-04-14T18:17:09.159924+00:00","warranty_days":365,"warranty_type":"الوكيل الرسمي","id":"69de84a52eaf27712e28b159"}]
E   assert 200 == 403
E    +  where 200 = &lt;Response [200]&gt;.status_code</failure></testcase><testcase classname="backend.tests.test_employees_support_v2" name="test_11_update_employee_perms_all" time="0.005" /><testcase classname="backend.tests.test_employees_support_v2" name="test_12_delete_employee" time="0.007" /></testsuite></testsuites>