<?xml version="1.0" encoding="utf-8"?><testsuites name="pytest tests"><testsuite name="pytest" errors="0" failures="0" skipped="0" tests="17" time="5.654" timestamp="2026-09-13T06:30:30.161762+00:00" hostname="agent-env-654051a1-cdd5-441c-bb0c-7c46b07553bb"><testcase classname="backend.tests.test_inventory_live_summary.TestInventoryDashboard" name="test_overview_returns_totals_and_items" time="0.763" /><testcase classname="backend.tests.test_inventory_live_summary.TestInventoryDashboard" name="test_overview_requires_auth" time="0.202" /><testcase classname="backend.tests.test_inventory_live_summary.TestInventoryDashboard" name="test_alerts_endpoint" time="0.184" /><testcase classname="backend.tests.test_inventory_live_summary.TestInventoryDashboard" name="test_channel_filter_store" time="0.187" /><testcase classname="backend.tests.test_inventory_live_summary.TestInventoryDashboard" name="test_channel_filter_app" time="0.180" /><testcase classname="backend.tests.test_inventory_live_summary.TestInventoryAdjust" name="test_adjust_increments_and_records_movement" time="0.720" /><testcase classname="backend.tests.test_inventory_live_summary.TestInventoryAdjust" name="test_adjust_missing_record" time="0.201" /><testcase classname="backend.tests.test_inventory_live_summary.TestInventoryAdjust" name="test_movements_endpoint" time="0.183" /><testcase classname="backend.tests.test_inventory_live_summary.TestSetBranchInventory" name="test_put_combined_mode" time="0.406" /><testcase classname="backend.tests.test_inventory_live_summary.TestSetBranchInventory" name="test_put_separate_mode" time="0.516" /><testcase classname="backend.tests.test_inventory_live_summary.TestCompetitionsLiveSummary" name="test_public_endpoint" time="0.182" /><testcase classname="backend.tests.test_inventory_live_summary.TestServicesLiveSummary" name="test_endpoint_returns_services_with_reviews" time="0.163" /><testcase classname="backend.tests.test_inventory_live_summary.TestServicesLiveSummary" name="test_requires_auth" time="0.154" /><testcase classname="backend.tests.test_inventory_live_summary.TestReviewReply" name="test_reply_to_existing_review" time="0.370" /><testcase classname="backend.tests.test_inventory_live_summary.TestReviewReply" name="test_reply_requires_text" time="0.384" /><testcase classname="backend.tests.test_inventory_live_summary.TestReviewReply" name="test_reply_rejects_non_merchant" time="0.610" /><testcase classname="backend.tests.test_inventory_live_summary.TestMerchantBookings" name="test_list_bookings" time="0.158" /></testsuite></testsuites>