<?xml version="1.0" encoding="utf-8"?><testsuites name="pytest tests"><testsuite name="pytest" errors="0" failures="0" skipped="1" tests="16" time="2.350" timestamp="2026-05-28T17:33:11.491457+00:00" hostname="agent-env-654051a1-cdd5-441c-bb0c-7c46b07553bb"><testcase classname="backend.tests.test_loyalty_groupbuy_notifications.TestLoyaltyEarn" name="test_points_me_shape" time="0.272" /><testcase classname="backend.tests.test_loyalty_groupbuy_notifications.TestLoyaltyEarn" name="test_order_awards_points" time="0.270" /><testcase classname="backend.tests.test_loyalty_groupbuy_notifications.TestLoyaltyRedeem" name="test_redeem_success_and_wallet_increase" time="0.283" /><testcase classname="backend.tests.test_loyalty_groupbuy_notifications.TestLoyaltyRedeem" name="test_redeem_insufficient" time="0.043" /><testcase classname="backend.tests.test_loyalty_groupbuy_notifications.TestLoyaltyRedeem" name="test_redeem_invalid_amount" time="0.044" /><testcase classname="backend.tests.test_loyalty_groupbuy_notifications.TestGroupBuy" name="test_list_seeded" time="0.044" /><testcase classname="backend.tests.test_loyalty_groupbuy_notifications.TestGroupBuy" name="test_join_success" time="0.044"><skipped type="pytest.skip" message="Customer already joined this group buy from a previous run">/app/backend/tests/test_loyalty_groupbuy_notifications.py:195: Customer already joined this group buy from a previous run</skipped></testcase><testcase classname="backend.tests.test_loyalty_groupbuy_notifications.TestGroupBuy" name="test_join_duplicate" time="0.044" /><testcase classname="backend.tests.test_loyalty_groupbuy_notifications.TestGroupBuy" name="test_merchant_create_and_delete" time="0.354" /><testcase classname="backend.tests.test_loyalty_groupbuy_notifications.TestNotifications" name="test_list_and_order_notification_present" time="0.044" /><testcase classname="backend.tests.test_loyalty_groupbuy_notifications.TestNotifications" name="test_read_single" time="0.043" /><testcase classname="backend.tests.test_loyalty_groupbuy_notifications.TestNotifications" name="test_read_all" time="0.089" /><testcase classname="backend.tests.test_loyalty_groupbuy_notifications.TestNotifications" name="test_push_token_register" time="0.044" /><testcase classname="backend.tests.test_loyalty_groupbuy_notifications.TestOrderStatusNotification" name="test_merchant_ship_triggers_customer_notification" time="0.549" /><testcase classname="backend.tests.test_loyalty_groupbuy_notifications.TestPermissions" name="test_customer_cannot_create_group_buy" time="0.044" /><testcase classname="backend.tests.test_loyalty_groupbuy_notifications.TestPermissions" name="test_customer_cannot_delete_group_buy" time="0.044" /></testsuite></testsuites>