<?xml version="1.0" encoding="utf-8"?><testsuites name="pytest tests"><testsuite name="pytest" errors="0" failures="0" skipped="0" tests="18" time="4.351" timestamp="2026-08-31T08:29:55.092252+00:00" hostname="agent-env-654051a1-cdd5-441c-bb0c-7c46b07553bb"><testcase classname="backend.tests.test_marketing_affiliate.TestMerchantCampaigns" name="test_create_regular_ad" time="1.022" /><testcase classname="backend.tests.test_marketing_affiliate.TestMerchantCampaigns" name="test_create_affiliate_campaign" time="0.105" /><testcase classname="backend.tests.test_marketing_affiliate.TestMerchantCampaigns" name="test_list_ads_contains_both" time="0.100" /><testcase classname="backend.tests.test_marketing_affiliate.TestCustomerFeed" name="test_active_ads_visible" time="0.136" /><testcase classname="backend.tests.test_marketing_affiliate.TestCustomerFeed" name="test_filter_by_affiliate_type" time="0.107" /><testcase classname="backend.tests.test_marketing_affiliate.TestCustomerFeed" name="test_targeting_excludes_non_matching_city" time="0.375" /><testcase classname="backend.tests.test_marketing_affiliate.TestCustomerFeed" name="test_track_view_and_click" time="0.505" /><testcase classname="backend.tests.test_marketing_affiliate.TestCustomerFeed" name="test_track_invalid_event" time="0.103" /><testcase classname="backend.tests.test_marketing_affiliate.TestAffiliateApplication" name="test_apply" time="0.325" /><testcase classname="backend.tests.test_marketing_affiliate.TestAffiliateApplication" name="test_duplicate_pending_blocked" time="0.107" /><testcase classname="backend.tests.test_marketing_affiliate.TestAffiliateApplication" name="test_merchant_sees_application_with_customer_info" time="0.139" /><testcase classname="backend.tests.test_marketing_affiliate.TestApproval" name="test_approve_returns_code_and_commission" time="0.163" /><testcase classname="backend.tests.test_marketing_affiliate.TestApproval" name="test_approve_idempotent_returns_400" time="0.122" /><testcase classname="backend.tests.test_marketing_affiliate.TestApproval" name="test_application_status_now_approved" time="0.119" /><testcase classname="backend.tests.test_marketing_affiliate.TestCustomerDashboard" name="test_dashboard_returns_account" time="0.104" /><testcase classname="backend.tests.test_marketing_affiliate.TestCustomerDashboard" name="test_my_accounts_endpoint" time="0.118" /><testcase classname="backend.tests.test_marketing_affiliate.TestCustomerDashboard" name="test_public_click_increments" time="0.262" /><testcase classname="backend.tests.test_marketing_affiliate.TestCustomerDashboard" name="test_public_click_invalid_code" time="0.352" /></testsuite></testsuites>