<?xml version="1.0" encoding="utf-8"?><testsuites name="pytest tests"><testsuite name="pytest" errors="0" failures="0" skipped="1" tests="13" time="4.644" timestamp="2026-09-13T07:14:40.126631+00:00" hostname="agent-env-654051a1-cdd5-441c-bb0c-7c46b07553bb"><testcase classname="backend.tests.test_merchant_analytics_v111.TestSalesOverview" name="test_sales_overview_shape" time="0.820" /><testcase classname="backend.tests.test_merchant_analytics_v111.TestSalesOverview" name="test_sales_overview_has_data" time="0.182" /><testcase classname="backend.tests.test_merchant_analytics_v111.TestTopProducts" name="test_top_products_shape" time="0.201" /><testcase classname="backend.tests.test_merchant_analytics_v111.TestProductAnalytics" name="test_product_analytics_shape" time="0.340" /><testcase classname="backend.tests.test_merchant_analytics_v111.TestServiceAnalytics" name="test_service_analytics_shape" time="0.362" /><testcase classname="backend.tests.test_merchant_analytics_v111.TestCompetitionAnalytics" name="test_competition_analytics_shape" time="0.338" /><testcase classname="backend.tests.test_merchant_analytics_v111.TestCompetitionAnalytics" name="test_competition_sources_contain_seeded_types" time="0.150"><skipped type="pytest.skip" message="No participants in first competition 6aa63a83e3520e80953c138f">/app/backend/tests/test_merchant_analytics_v111.py:180: No participants in first competition 6aa63a83e3520e80953c138f</skipped></testcase><testcase classname="backend.tests.test_merchant_analytics_v111.TestCompetitionsOverview" name="test_by_type_present" time="0.246" /><testcase classname="backend.tests.test_merchant_analytics_v111.TestSocialPostDetail" name="test_post_detail_shape" time="0.486" /><testcase classname="backend.tests.test_merchant_analytics_v111.TestSocialPostDetail" name="test_comments_sorted_latest_first" time="0.209" /><testcase classname="backend.tests.test_merchant_analytics_v111.TestLikeAsStore" name="test_like_increments" time="0.510" /><testcase classname="backend.tests.test_merchant_analytics_v111.TestReplyAsStore" name="test_reply_as_store" time="0.348" /><testcase classname="backend.tests.test_merchant_analytics_v111.TestReplyAsStore" name="test_reply_empty_text_400" time="0.358" /></testsuite></testsuites>