<?xml version="1.0" encoding="utf-8"?><testsuites name="pytest tests"><testsuite name="pytest" errors="0" failures="3" skipped="0" tests="11" time="3.627" timestamp="2026-08-31T12:58:35.966701+00:00" hostname="agent-env-654051a1-cdd5-441c-bb0c-7c46b07553bb"><testcase classname="backend.tests.test_merchant_competition_upgrade.TestCreateCompetitionUpgraded" name="test_create_returns_id" time="0.973" /><testcase classname="backend.tests.test_merchant_competition_upgrade.TestCreateCompetitionUpgraded" name="test_persists_all_new_fields_via_merchant_list" time="0.256" /><testcase classname="backend.tests.test_merchant_competition_upgrade.TestCreateCompetitionUpgraded" name="test_public_get_returns_new_fields" time="0.126" /><testcase classname="backend.tests.test_merchant_competition_upgrade.TestCustomerAnswerFlow" name="test_correct_answer_enters_draw" time="0.542"><failure message="AssertionError: Duplicate route detected — response shape mismatches new QA endpoint: {'score': 0.0, 'correct': 0, 'total': 0, 'passed': False}&#10;assert False&#10; +  where False = isinstance(0, bool)">backend/tests/test_merchant_competition_upgrade.py:136: in test_correct_answer_enters_draw
    assert isinstance(body["correct"], bool), (
E   AssertionError: Duplicate route detected — response shape mismatches new QA endpoint: {'score': 0.0, 'correct': 0, 'total': 0, 'passed': False}
E   assert False
E    +  where False = isinstance(0, bool)</failure></testcase><testcase classname="backend.tests.test_merchant_competition_upgrade.TestCustomerAnswerFlow" name="test_wrong_answer_rejected" time="0.169"><failure message="AssertionError: Duplicate route detected — response shape mismatches new QA endpoint: {'score': 0.0, 'correct': 0, 'total': 0, 'passed': False}&#10;assert False&#10; +  where False = isinstance(0, bool)&#10; +    where 0 = &lt;built-in method get of dict object at 0xfecaadaa6d80&gt;('correct')&#10; +      where &lt;built-in method get of dict object at 0xfecaadaa6d80&gt; = {'correct': 0, 'passed': False, 'score': 0.0, 'total': 0}.get">backend/tests/test_merchant_competition_upgrade.py:154: in test_wrong_answer_rejected
    assert isinstance(body.get("correct"), bool), (
E   AssertionError: Duplicate route detected — response shape mismatches new QA endpoint: {'score': 0.0, 'correct': 0, 'total': 0, 'passed': False}
E   assert False
E    +  where False = isinstance(0, bool)
E    +    where 0 = &lt;built-in method get of dict object at 0xfecaadaa6d80&gt;('correct')
E    +      where &lt;built-in method get of dict object at 0xfecaadaa6d80&gt; = {'correct': 0, 'passed': False, 'score': 0.0, 'total': 0}.get</failure></testcase><testcase classname="backend.tests.test_merchant_competition_upgrade.TestCustomerAnswerFlow" name="test_participant_registered_after_correct" time="0.143"><failure message="AssertionError: Customer not in participants after correct answer: []&#10;assert False&#10; +  where False = any(&lt;generator object TestCustomerAnswerFlow.test_participant_registered_after_correct.&lt;locals&gt;.&lt;genexpr&gt; at 0xfecaae1e98c0&gt;)">backend/tests/test_merchant_competition_upgrade.py:166: in test_participant_registered_after_correct
    assert any(p.get("user_phone") == CUSTOMER["phone"] for p in participants), (
E   AssertionError: Customer not in participants after correct answer: []
E   assert False
E    +  where False = any(&lt;generator object TestCustomerAnswerFlow.test_participant_registered_after_correct.&lt;locals&gt;.&lt;genexpr&gt; at 0xfecaae1e98c0&gt;)</failure></testcase><testcase classname="backend.tests.test_merchant_competition_upgrade.TestValidation" name="test_missing_title_rejected" time="0.246" /><testcase classname="backend.tests.test_merchant_competition_upgrade.TestValidation" name="test_missing_prize_rejected" time="0.143" /><testcase classname="backend.tests.test_merchant_competition_upgrade.TestValidation" name="test_qa_without_correct_answer_backend_behaviour" time="0.279" /><testcase classname="backend.tests.test_merchant_competition_upgrade.TestAuthGuards" name="test_create_requires_auth" time="0.262" /><testcase classname="backend.tests.test_merchant_competition_upgrade.TestAuthGuards" name="test_create_requires_merchant_role" time="0.393" /></testsuite></testsuites>