<?xml version="1.0" encoding="utf-8"?><testsuites name="pytest tests"><testsuite name="pytest" errors="0" failures="1" skipped="1" tests="13" time="4.733" timestamp="2026-08-30T22:33:27.823074+00:00" hostname="agent-env-654051a1-cdd5-441c-bb0c-7c46b07553bb"><testcase classname="backend.tests.test_pos_and_auth.TestAuthLogin" name="test_merchant_login" time="0.626" /><testcase classname="backend.tests.test_pos_and_auth.TestAuthLogin" name="test_driver_login" time="0.416" /><testcase classname="backend.tests.test_pos_and_auth.TestAuthLogin" name="test_chamber_login" time="0.342" /><testcase classname="backend.tests.test_pos_and_auth.TestAuthLogin" name="test_customer_login" time="0.408"><failure message="AssertionError: assert 'user' == 'customer'&#10;  &#10;  - customer&#10;  + user">backend/tests/test_pos_and_auth.py:44: in test_customer_login
    assert r.json()["user"]["role"] == "customer"
E   AssertionError: assert 'user' == 'customer'
E     
E     - customer
E     + user</failure></testcase><testcase classname="backend.tests.test_pos_and_auth.TestAuthLogin" name="test_login_with_whitespace_trim" time="0.423" /><testcase classname="backend.tests.test_pos_and_auth.TestAuthLogin" name="test_login_invalid_password_401_arabic" time="0.348" /><testcase classname="backend.tests.test_pos_and_auth.TestPOSInvoice" name="test_create_invoice" time="0.805" /><testcase classname="backend.tests.test_pos_and_auth.TestPOSInvoice" name="test_list_invoices_contains_new" time="0.105" /><testcase classname="backend.tests.test_pos_and_auth.TestPOSInvoice" name="test_get_invoice_details" time="0.147" /><testcase classname="backend.tests.test_pos_and_auth.TestPOSInvoice" name="test_create_invoice_empty_items_400" time="0.148" /><testcase classname="backend.tests.test_pos_and_auth.TestPOSInvoice" name="test_create_invoice_requires_auth" time="0.110" /><testcase classname="backend.tests.test_pos_and_auth.TestPOSInvoice" name="test_customer_cannot_create_invoice" time="0.519" /><testcase classname="backend.tests.test_pos_and_auth.TestInventoryDecrement" name="test_inventory_decrement_after_invoice" time="0.131"><skipped type="pytest.skip" message="branch-inventory endpoint returned 404 — skipping decrement check">/app/backend/tests/test_pos_and_auth.py:201: branch-inventory endpoint returned 404 — skipping decrement check</skipped></testcase></testsuite></testsuites>