<?xml version="1.0" encoding="utf-8"?><testsuites name="pytest tests"><testsuite name="pytest" errors="0" failures="0" skipped="0" tests="10" time="4.463" timestamp="2026-05-12T18:41:51.361235+00:00" hostname="agent-env-654051a1-cdd5-441c-bb0c-7c46b07553bb"><testcase classname="backend.tests.test_chamber_features.TestChamberAuth" name="test_chamber_login_returns_chamber_role" time="0.511" /><testcase classname="backend.tests.test_chamber_features.TestChamberAuth" name="test_regular_user_login_returns_user_role" time="0.391" /><testcase classname="backend.tests.test_chamber_features.TestChamberEndpoints" name="test_chamber_get_competitions_with_participant_counts" time="0.614" /><testcase classname="backend.tests.test_chamber_features.TestChamberEndpoints" name="test_chamber_get_competition_full_detail" time="0.316" /><testcase classname="backend.tests.test_chamber_features.TestChamberEndpoints" name="test_chamber_perform_draw_records_drawn_by" time="0.443" /><testcase classname="backend.tests.test_chamber_features.TestChamberEndpoints" name="test_regular_user_cannot_access_chamber_competitions" time="0.580" /><testcase classname="backend.tests.test_chamber_features.TestChamberEndpoints" name="test_regular_user_cannot_access_chamber_competition_full" time="0.149" /><testcase classname="backend.tests.test_chamber_features.TestChamberEndpoints" name="test_regular_user_cannot_perform_chamber_draw" time="0.172" /><testcase classname="backend.tests.test_chamber_features.TestChamberEndpoints" name="test_unauthenticated_cannot_access_chamber_endpoints" time="0.170" /><testcase classname="backend.tests.test_chamber_features.TestChamberDrawHistory" name="test_multiple_draws_increment_draw_number" time="1.024" /></testsuite></testsuites>