<?xml version="1.0" encoding="utf-8"?><testsuites name="pytest tests"><testsuite name="pytest" errors="0" failures="0" skipped="0" tests="32" time="4.863" timestamp="2026-09-01T07:15:07.993572+00:00" hostname="agent-env-654051a1-cdd5-441c-bb0c-7c46b07553bb"><testcase classname="backend.tests.test_services_module.TestMerchantServiceCRUD" name="test_anon_cannot_create" time="0.405" /><testcase classname="backend.tests.test_services_module.TestMerchantServiceCRUD" name="test_anon_cannot_list" time="0.078" /><testcase classname="backend.tests.test_services_module.TestMerchantServiceCRUD" name="test_anon_cannot_delete" time="0.087" /><testcase classname="backend.tests.test_services_module.TestMerchantServiceCRUD" name="test_merchant_create_rich_service" time="0.399" /><testcase classname="backend.tests.test_services_module.TestMerchantServiceCRUD" name="test_merchant_list_includes_new" time="0.082" /><testcase classname="backend.tests.test_services_module.TestPublicServices" name="test_list_contains_published_service" time="0.080" /><testcase classname="backend.tests.test_services_module.TestPublicServices" name="test_detail_returns_rich_fields" time="0.084" /><testcase classname="backend.tests.test_services_module.TestPublicServices" name="test_quote_dynamic_pickup_fee" time="0.082" /><testcase classname="backend.tests.test_services_module.TestCustomerBooking" name="test_book_home_pickup" time="0.383" /><testcase classname="backend.tests.test_services_module.TestCustomerBooking" name="test_my_bookings_lists_new" time="0.082" /><testcase classname="backend.tests.test_services_module.TestCustomerBooking" name="test_get_booking_has_updates_and_reviews_arrays" time="0.082" /><testcase classname="backend.tests.test_services_module.TestBookingStatusFlow" name="test_status_transitions[pending]" time="0.086" /><testcase classname="backend.tests.test_services_module.TestBookingStatusFlow" name="test_status_transitions[received]" time="0.082" /><testcase classname="backend.tests.test_services_module.TestBookingStatusFlow" name="test_status_transitions[in_progress]" time="0.091" /><testcase classname="backend.tests.test_services_module.TestBookingStatusFlow" name="test_status_transitions[ready]" time="0.080" /><testcase classname="backend.tests.test_services_module.TestBookingStatusFlow" name="test_status_transitions[completed]" time="0.080" /><testcase classname="backend.tests.test_services_module.TestBookingStatusFlow" name="test_invalid_status_rejected" time="0.082" /><testcase classname="backend.tests.test_services_module.TestServiceUpdates" name="test_customer_cannot_create_update" time="0.081" /><testcase classname="backend.tests.test_services_module.TestServiceUpdates" name="test_merchant_create_update" time="0.262" /><testcase classname="backend.tests.test_services_module.TestServiceUpdates" name="test_booking_updates_array_has_one" time="0.084" /><testcase classname="backend.tests.test_services_module.TestServiceUpdates" name="test_merchant_edit_update_toggle_public" time="0.083" /><testcase classname="backend.tests.test_services_module.TestServiceUpdates" name="test_toggle_reflected_on_booking" time="0.080" /><testcase classname="backend.tests.test_services_module.TestReviews" name="test_invalid_stars_low" time="0.083" /><testcase classname="backend.tests.test_services_module.TestReviews" name="test_invalid_stars_high" time="0.092" /><testcase classname="backend.tests.test_services_module.TestReviews" name="test_non_owner_cannot_review" time="0.090" /><testcase classname="backend.tests.test_services_module.TestReviews" name="test_customer_rates_update_5" time="0.179" /><testcase classname="backend.tests.test_services_module.TestReviews" name="test_customer_upsert_rates_update_3" time="0.163" /><testcase classname="backend.tests.test_services_module.TestReviews" name="test_final_service_rating" time="0.174" /><testcase classname="backend.tests.test_services_module.TestPublicExperiences" name="test_toggle_public_true" time="0.079" /><testcase classname="backend.tests.test_services_module.TestPublicExperiences" name="test_experiences_lists_update" time="0.080" /><testcase classname="backend.tests.test_services_module.TestPublicExperiences" name="test_toggle_public_false_removes" time="0.157" /><testcase classname="backend.tests.test_services_module.TestCrossPost" name="test_crosspost_creates_social_post" time="0.718" /></testsuite></testsuites>