<?xml version="1.0" encoding="utf-8"?><testsuites name="pytest tests"><testsuite name="pytest" errors="0" failures="0" skipped="0" tests="15" time="9.293" timestamp="2026-05-12T18:27:44.985595+00:00" hostname="agent-env-654051a1-cdd5-441c-bb0c-7c46b07553bb"><testcase classname="tests.test_final_features.TestCoupons" name="test_validate_welcome10_coupon" time="0.340" /><testcase classname="tests.test_final_features.TestCoupons" name="test_validate_flat50_coupon" time="0.250" /><testcase classname="tests.test_final_features.TestCoupons" name="test_validate_eid25_coupon" time="0.213" /><testcase classname="tests.test_final_features.TestCoupons" name="test_validate_invalid_coupon" time="0.207" /><testcase classname="tests.test_final_features.TestSocialPosts" name="test_get_social_posts" time="0.157" /><testcase classname="tests.test_final_features.TestSocialPosts" name="test_like_post" time="1.180" /><testcase classname="tests.test_final_features.TestSocialPosts" name="test_add_comment" time="0.859" /><testcase classname="tests.test_final_features.TestSocialPosts" name="test_get_comments" time="0.328" /><testcase classname="tests.test_final_features.TestSocialPosts" name="test_bookmark_post" time="0.710" /><testcase classname="tests.test_final_features.TestReviews" name="test_get_product_reviews" time="0.323" /><testcase classname="tests.test_final_features.TestReviews" name="test_add_review" time="0.908" /><testcase classname="tests.test_final_features.TestDeliveryWebhooks" name="test_delivery_update_webhook" time="1.019" /><testcase classname="tests.test_final_features.TestDeliveryWebhooks" name="test_delivery_assigned_webhook" time="0.974" /><testcase classname="tests.test_final_features.TestPaymentIntegration" name="test_create_payment_intent" time="0.550" /><testcase classname="tests.test_final_features.TestPaymentIntegration" name="test_payment_webhook" time="1.135" /></testsuite></testsuites>