<?xml version="1.0" encoding="utf-8"?><testsuites name="pytest tests"><testsuite name="pytest" errors="1" failures="0" skipped="0" tests="20" time="8.976" timestamp="2026-05-12T17:09:42.936877+00:00" hostname="agent-env-654051a1-cdd5-441c-bb0c-7c46b07553bb"><testcase classname="tests.test_techstore_api.TestHealth" name="test_backend_reachable" time="0.292" /><testcase classname="tests.test_techstore_api.TestAuth" name="test_login_success" time="0.395" /><testcase classname="tests.test_techstore_api.TestAuth" name="test_login_invalid_credentials" time="0.400" /><testcase classname="tests.test_techstore_api.TestAuth" name="test_register_new_user" time="0.415" /><testcase classname="tests.test_techstore_api.TestAuth" name="test_register_duplicate_phone" time="0.167" /><testcase classname="tests.test_techstore_api.TestAuth" name="test_get_current_user" time="0.488" /><testcase classname="tests.test_techstore_api.TestCategories" name="test_get_categories" time="0.165" /><testcase classname="tests.test_techstore_api.TestBrands" name="test_get_brands" time="0.136" /><testcase classname="tests.test_techstore_api.TestProducts" name="test_get_products" time="0.135" /><testcase classname="tests.test_techstore_api.TestProducts" name="test_get_featured_products" time="0.541" /><testcase classname="tests.test_techstore_api.TestProducts" name="test_get_product_by_id" time="0.290" /><testcase classname="tests.test_techstore_api.TestProducts" name="test_search_products" time="0.165" /><testcase classname="tests.test_techstore_api.TestProducts" name="test_filter_by_category" time="0.338" /><testcase classname="tests.test_techstore_api.TestBanners" name="test_get_banners" time="0.157" /><testcase classname="tests.test_techstore_api.TestCart" name="test_add_to_cart" time="0.681" /><testcase classname="tests.test_techstore_api.TestCart" name="test_get_cart" time="0.577" /><testcase classname="tests.test_techstore_api.TestCart" name="test_cart_without_auth" time="0.155" /><testcase classname="tests.test_techstore_api.TestOrders" name="test_create_order" time="0.925" /><testcase classname="tests.test_techstore_api.TestOrders" name="test_get_orders" time="1.570"><error message="failed on setup with &quot;requests.exceptions.ConnectionError: ('Connection aborted.', RemoteDisconnected('Remote end closed connection without response'))&quot;">/root/.venv/lib/python3.11/site-packages/urllib3/connectionpool.py:787: in urlopen
    response = self._make_request(
/root/.venv/lib/python3.11/site-packages/urllib3/connectionpool.py:534: in _make_request
    response = conn.getresponse()
               ^^^^^^^^^^^^^^^^^^
/root/.venv/lib/python3.11/site-packages/urllib3/connection.py:571: in getresponse
    httplib_response = super().getresponse()
                       ^^^^^^^^^^^^^^^^^^^^^
/usr/local/lib/python3.11/http/client.py:1415: in getresponse
    response.begin()
/usr/local/lib/python3.11/http/client.py:330: in begin
    version, status, reason = self._read_status()
                              ^^^^^^^^^^^^^^^^^^^
/usr/local/lib/python3.11/http/client.py:299: in _read_status
    raise RemoteDisconnected("Remote end closed connection without"
E   http.client.RemoteDisconnected: Remote end closed connection without response

During handling of the above exception, another exception occurred:
/root/.venv/lib/python3.11/site-packages/requests/adapters.py:645: in send
    resp = conn.urlopen(
/root/.venv/lib/python3.11/site-packages/urllib3/connectionpool.py:841: in urlopen
    retries = retries.increment(
/root/.venv/lib/python3.11/site-packages/urllib3/util/retry.py:490: in increment
    raise reraise(type(error), error, _stacktrace)
          ^^^^^^^^^^^^^^^^^^^^^^^^^^^^^^^^^^^^^^^^
/root/.venv/lib/python3.11/site-packages/urllib3/util/util.py:38: in reraise
    raise value.with_traceback(tb)
/root/.venv/lib/python3.11/site-packages/urllib3/connectionpool.py:787: in urlopen
    response = self._make_request(
/root/.venv/lib/python3.11/site-packages/urllib3/connectionpool.py:534: in _make_request
    response = conn.getresponse()
               ^^^^^^^^^^^^^^^^^^
/root/.venv/lib/python3.11/site-packages/urllib3/connection.py:571: in getresponse
    httplib_response = super().getresponse()
                       ^^^^^^^^^^^^^^^^^^^^^
/usr/local/lib/python3.11/http/client.py:1415: in getresponse
    response.begin()
/usr/local/lib/python3.11/http/client.py:330: in begin
    version, status, reason = self._read_status()
                              ^^^^^^^^^^^^^^^^^^^
/usr/local/lib/python3.11/http/client.py:299: in _read_status
    raise RemoteDisconnected("Remote end closed connection without"
E   urllib3.exceptions.ProtocolError: ('Connection aborted.', RemoteDisconnected('Remote end closed connection without response'))

During handling of the above exception, another exception occurred:
tests/test_techstore_api.py:310: in auth_token_with_cart
    requests.post(f"{BASE_URL}/api/cart",
/root/.venv/lib/python3.11/site-packages/requests/api.py:115: in post
    return request("post", url, data=data, json=json, **kwargs)
           ^^^^^^^^^^^^^^^^^^^^^^^^^^^^^^^^^^^^^^^^^^^^^^^^^^^^
/root/.venv/lib/python3.11/site-packages/requests/api.py:59: in request
    return session.request(method=method, url=url, **kwargs)
           ^^^^^^^^^^^^^^^^^^^^^^^^^^^^^^^^^^^^^^^^^^^^^^^^^
/root/.venv/lib/python3.11/site-packages/requests/sessions.py:592: in request
    resp = self.send(prep, **send_kwargs)
           ^^^^^^^^^^^^^^^^^^^^^^^^^^^^^^
/root/.venv/lib/python3.11/site-packages/requests/sessions.py:706: in send
    r = adapter.send(request, **kwargs)
        ^^^^^^^^^^^^^^^^^^^^^^^^^^^^^^^
/root/.venv/lib/python3.11/site-packages/requests/adapters.py:660: in send
    raise ConnectionError(err, request=request)
E   requests.exceptions.ConnectionError: ('Connection aborted.', RemoteDisconnected('Remote end closed connection without response'))</error></testcase><testcase classname="tests.test_techstore_api.TestOrders" name="test_create_order_empty_cart" time="0.671" /></testsuite></testsuites>