<?xml version="1.0" encoding="utf-8"?><testsuites name="pytest tests"><testsuite name="pytest" errors="0" failures="0" skipped="0" tests="13" time="2.686" timestamp="2026-05-28T14:29:23.923064+00:00" hostname="agent-env-654051a1-cdd5-441c-bb0c-7c46b07553bb"><testcase classname="backend.tests.test_social_new_features.TestDriverLogin" name="test_driver_login_returns_role_driver_and_token" time="0.557" /><testcase classname="backend.tests.test_social_new_features.TestDriverLogin" name="test_driver_token_works_on_auth_me" time="0.318" /><testcase classname="backend.tests.test_social_new_features.TestMerchantPostTypes" name="test_create_basic_post" time="0.329" /><testcase classname="backend.tests.test_social_new_features.TestMerchantPostTypes" name="test_create_poll_post" time="0.103" /><testcase classname="backend.tests.test_social_new_features.TestMerchantPostTypes" name="test_create_question_post" time="0.051" /><testcase classname="backend.tests.test_social_new_features.TestMerchantPostTypes" name="test_create_event_post" time="0.101" /><testcase classname="backend.tests.test_social_new_features.TestMerchantPostTypes" name="test_create_story_post_with_expires_at" time="0.096" /><testcase classname="backend.tests.test_social_new_features.TestStoriesFeed" name="test_stories_endpoint_returns_only_story_type" time="0.048" /><testcase classname="backend.tests.test_social_new_features.TestStoriesFeed" name="test_recently_created_story_appears" time="0.047" /><testcase classname="backend.tests.test_social_new_features.TestPollVoting" name="test_vote_switch_and_idempotent" time="0.663" /><testcase classname="backend.tests.test_social_new_features.TestMultiImagesPost" name="test_multi_images_array_length_preserved" time="0.098" /><testcase classname="backend.tests.test_social_new_features.TestEmptyPostValidation" name="test_empty_text_and_no_image_returns_400" time="0.052" /><testcase classname="backend.tests.test_social_new_features.TestEmptyPostValidation" name="test_customer_cannot_create_post" time="0.049" /></testsuite></testsuites>