<?xml version="1.0" encoding="utf-8"?><testsuites name="pytest tests"><testsuite name="pytest" errors="0" failures="0" skipped="0" tests="20" time="6.852" timestamp="2026-04-14T18:55:26.923537+00:00" hostname="agent-env-654051a1-cdd5-441c-bb0c-7c46b07553bb"><testcase classname="tests.test_techstore_api.TestHealth" name="test_backend_reachable" time="0.441" /><testcase classname="tests.test_techstore_api.TestAuth" name="test_login_success" time="0.375" /><testcase classname="tests.test_techstore_api.TestAuth" name="test_login_invalid_credentials" time="0.340" /><testcase classname="tests.test_techstore_api.TestAuth" name="test_register_new_user" time="0.390" /><testcase classname="tests.test_techstore_api.TestAuth" name="test_register_duplicate_phone" time="0.163" /><testcase classname="tests.test_techstore_api.TestAuth" name="test_get_current_user" time="0.511" /><testcase classname="tests.test_techstore_api.TestCategories" name="test_get_categories" time="0.179" /><testcase classname="tests.test_techstore_api.TestBrands" name="test_get_brands" time="0.104" /><testcase classname="tests.test_techstore_api.TestProducts" name="test_get_products" time="0.112" /><testcase classname="tests.test_techstore_api.TestProducts" name="test_get_featured_products" time="0.134" /><testcase classname="tests.test_techstore_api.TestProducts" name="test_get_product_by_id" time="0.311" /><testcase classname="tests.test_techstore_api.TestProducts" name="test_search_products" time="0.168" /><testcase classname="tests.test_techstore_api.TestProducts" name="test_filter_by_category" time="0.307" /><testcase classname="tests.test_techstore_api.TestBanners" name="test_get_banners" time="0.116" /><testcase classname="tests.test_techstore_api.TestCart" name="test_add_to_cart" time="0.588" /><testcase classname="tests.test_techstore_api.TestCart" name="test_get_cart" time="0.486" /><testcase classname="tests.test_techstore_api.TestCart" name="test_cart_without_auth" time="0.100" /><testcase classname="tests.test_techstore_api.TestOrders" name="test_create_order" time="0.740" /><testcase classname="tests.test_techstore_api.TestOrders" name="test_get_orders" time="0.743" /><testcase classname="tests.test_techstore_api.TestOrders" name="test_create_order_empty_cart" time="0.444" /></testsuite></testsuites>