<?xml version="1.0" encoding="utf-8"?><testsuites name="pytest tests"><testsuite name="pytest" errors="0" failures="0" skipped="0" tests="14" time="6.576" timestamp="2026-05-12T17:31:48.603904+00:00" hostname="agent-env-654051a1-cdd5-441c-bb0c-7c46b07553bb"><testcase classname="tests.test_new_features.TestCompetitions" name="test_get_competitions" time="0.354" /><testcase classname="tests.test_new_features.TestCompetitions" name="test_get_competition_by_id" time="0.459" /><testcase classname="tests.test_new_features.TestCompetitions" name="test_get_participants" time="0.318" /><testcase classname="tests.test_new_features.TestCompetitions" name="test_answer_quiz" time="0.635" /><testcase classname="tests.test_new_features.TestCompetitions" name="test_competition_draw" time="0.287" /><testcase classname="tests.test_new_features.TestWallet" name="test_get_wallet" time="0.622" /><testcase classname="tests.test_new_features.TestWallet" name="test_wallet_without_auth" time="0.127" /><testcase classname="tests.test_new_features.TestAddresses" name="test_get_addresses" time="0.471" /><testcase classname="tests.test_new_features.TestAddresses" name="test_add_address" time="0.597" /><testcase classname="tests.test_new_features.TestAddresses" name="test_delete_address" time="0.942" /><testcase classname="tests.test_new_features.TestAds" name="test_get_ads" time="0.131" /><testcase classname="tests.test_new_features.TestAds" name="test_create_ad" time="0.517" /><testcase classname="tests.test_new_features.TestAds" name="test_get_my_ads" time="0.503" /><testcase classname="tests.test_new_features.TestOrders" name="test_get_orders" time="0.470" /></testsuite></testsuites>