<?xml version="1.0" encoding="utf-8"?><testsuites name="pytest tests"><testsuite name="pytest" errors="0" failures="0" skipped="0" tests="14" time="6.748" timestamp="2026-05-12T17:46:26.942997+00:00" hostname="agent-env-654051a1-cdd5-441c-bb0c-7c46b07553bb"><testcase classname="tests.test_services_features.TestServices" name="test_get_services" time="0.345" /><testcase classname="tests.test_services_features.TestServices" name="test_get_service_by_id" time="0.310" /><testcase classname="tests.test_services_features.TestServices" name="test_book_service" time="0.688" /><testcase classname="tests.test_services_features.TestServices" name="test_get_my_service_bookings" time="0.622" /><testcase classname="tests.test_services_features.TestWarranties" name="test_get_warranties" time="0.489" /><testcase classname="tests.test_services_features.TestWarranties" name="test_warranties_without_auth" time="0.100" /><testcase classname="tests.test_services_features.TestInvoices" name="test_get_invoices" time="0.631" /><testcase classname="tests.test_services_features.TestInvoices" name="test_invoices_without_auth" time="0.167" /><testcase classname="tests.test_services_features.TestSupportTickets" name="test_get_support_tickets" time="0.471" /><testcase classname="tests.test_services_features.TestSupportTickets" name="test_create_support_ticket" time="0.618" /><testcase classname="tests.test_services_features.TestSupportTickets" name="test_reply_to_ticket" time="0.744" /><testcase classname="tests.test_services_features.TestSupportTickets" name="test_support_tickets_without_auth" time="0.159" /><testcase classname="tests.test_services_features.TestFavorites" name="test_get_favorites" time="0.533" /><testcase classname="tests.test_services_features.TestFavorites" name="test_toggle_favorite" time="0.762" /></testsuite></testsuites>