<?xml version="1.0" encoding="utf-8"?><testsuites name="pytest tests"><testsuite name="pytest" errors="0" failures="0" skipped="0" tests="14" time="5.896" timestamp="2026-05-28T13:52:41.527353+00:00" hostname="agent-env-654051a1-cdd5-441c-bb0c-7c46b07553bb"><testcase classname="backend.tests.test_delivery_features.TestDeliverySettings" name="test_get_settings_returns_required_fields" time="0.752" /><testcase classname="backend.tests.test_delivery_features.TestUpdateDeliverySettings" name="test_put_then_get_returns_updated_values" time="0.371" /><testcase classname="backend.tests.test_delivery_features.TestUpdateDeliverySettings" name="test_put_settings_requires_merchant_auth" time="0.443" /><testcase classname="backend.tests.test_delivery_features.TestCalculateFee" name="test_standard_within_base_distance" time="0.439" /><testcase classname="backend.tests.test_delivery_features.TestCalculateFee" name="test_standard_beyond_base_distance" time="0.327" /><testcase classname="backend.tests.test_delivery_features.TestCalculateFee" name="test_same_day_no_zone_match" time="0.357" /><testcase classname="backend.tests.test_delivery_features.TestCalculateFee" name="test_scheduled_no_zone_match_includes_slots" time="0.373" /><testcase classname="backend.tests.test_delivery_features.TestZonePolygonMatch" name="test_polygon_zone_matches_point_inside" time="0.326" /><testcase classname="backend.tests.test_delivery_features.TestZoneCircleMatch" name="test_circle_zone_matches_for_same_day" time="0.333" /><testcase classname="backend.tests.test_delivery_features.TestDeliveryQuote" name="test_quote_returns_branch_and_fee" time="0.334" /><testcase classname="backend.tests.test_delivery_features.TestOrderFlow" name="test_order_has_delivery_fee_and_branch" time="0.678" /><testcase classname="backend.tests.test_delivery_features.TestOrderFlow" name="test_get_order_tracking" time="0.125" /><testcase classname="backend.tests.test_delivery_features.TestMerchantSocialComments" name="test_create_get_and_delete_comment" time="0.752" /><testcase classname="backend.tests.test_delivery_features.TestMerchantSocialComments" name="test_get_merchant_comments_requires_merchant_role" time="0.121" /></testsuite></testsuites>