============================= test session starts ==============================
platform linux -- Python 3.11.15, pytest-9.0.3, pluggy-1.6.0 -- /root/.venv/bin/python
cachedir: .pytest_cache
rootdir: /app/backend
plugins: anyio-4.13.0
collecting ... collected 20 items

tests/test_techstore_api.py::TestHealth::test_backend_reachable PASSED   [  5%]
tests/test_techstore_api.py::TestAuth::test_login_success PASSED         [ 10%]
tests/test_techstore_api.py::TestAuth::test_login_invalid_credentials PASSED [ 15%]
tests/test_techstore_api.py::TestAuth::test_register_new_user PASSED     [ 20%]
tests/test_techstore_api.py::TestAuth::test_register_duplicate_phone PASSED [ 25%]
tests/test_techstore_api.py::TestAuth::test_get_current_user PASSED      [ 30%]
tests/test_techstore_api.py::TestCategories::test_get_categories PASSED  [ 35%]
tests/test_techstore_api.py::TestBrands::test_get_brands PASSED          [ 40%]
tests/test_techstore_api.py::TestProducts::test_get_products PASSED      [ 45%]
tests/test_techstore_api.py::TestProducts::test_get_featured_products PASSED [ 50%]
tests/test_techstore_api.py::TestProducts::test_get_product_by_id PASSED [ 55%]
tests/test_techstore_api.py::TestProducts::test_search_products PASSED   [ 60%]
tests/test_techstore_api.py::TestProducts::test_filter_by_category PASSED [ 65%]
tests/test_techstore_api.py::TestBanners::test_get_banners PASSED        [ 70%]
tests/test_techstore_api.py::TestCart::test_add_to_cart PASSED           [ 75%]
tests/test_techstore_api.py::TestCart::test_get_cart PASSED              [ 80%]
tests/test_techstore_api.py::TestCart::test_cart_without_auth PASSED     [ 85%]
tests/test_techstore_api.py::TestOrders::test_create_order PASSED        [ 90%]
tests/test_techstore_api.py::TestOrders::test_get_orders ERROR           [ 95%]
tests/test_techstore_api.py::TestOrders::test_create_order_empty_cart PASSED [100%]

==================================== ERRORS ====================================
_________________ ERROR at setup of TestOrders.test_get_orders _________________
/root/.venv/lib/python3.11/site-packages/urllib3/connectionpool.py:787: in urlopen
    response = self._make_request(
/root/.venv/lib/python3.11/site-packages/urllib3/connectionpool.py:534: in _make_request
    response = conn.getresponse()
               ^^^^^^^^^^^^^^^^^^
/root/.venv/lib/python3.11/site-packages/urllib3/connection.py:571: in getresponse
    httplib_response = super().getresponse()
                       ^^^^^^^^^^^^^^^^^^^^^
/usr/local/lib/python3.11/http/client.py:1415: in getresponse
    response.begin()
/usr/local/lib/python3.11/http/client.py:330: in begin
    version, status, reason = self._read_status()
                              ^^^^^^^^^^^^^^^^^^^
/usr/local/lib/python3.11/http/client.py:299: in _read_status
    raise RemoteDisconnected("Remote end closed connection without"
E   http.client.RemoteDisconnected: Remote end closed connection without response

During handling of the above exception, another exception occurred:
/root/.venv/lib/python3.11/site-packages/requests/adapters.py:645: in send
    resp = conn.urlopen(
/root/.venv/lib/python3.11/site-packages/urllib3/connectionpool.py:841: in urlopen
    retries = retries.increment(
/root/.venv/lib/python3.11/site-packages/urllib3/util/retry.py:490: in increment
    raise reraise(type(error), error, _stacktrace)
          ^^^^^^^^^^^^^^^^^^^^^^^^^^^^^^^^^^^^^^^^
/root/.venv/lib/python3.11/site-packages/urllib3/util/util.py:38: in reraise
    raise value.with_traceback(tb)
/root/.venv/lib/python3.11/site-packages/urllib3/connectionpool.py:787: in urlopen
    response = self._make_request(
/root/.venv/lib/python3.11/site-packages/urllib3/connectionpool.py:534: in _make_request
    response = conn.getresponse()
               ^^^^^^^^^^^^^^^^^^
/root/.venv/lib/python3.11/site-packages/urllib3/connection.py:571: in getresponse
    httplib_response = super().getresponse()
                       ^^^^^^^^^^^^^^^^^^^^^
/usr/local/lib/python3.11/http/client.py:1415: in getresponse
    response.begin()
/usr/local/lib/python3.11/http/client.py:330: in begin
    version, status, reason = self._read_status()
                              ^^^^^^^^^^^^^^^^^^^
/usr/local/lib/python3.11/http/client.py:299: in _read_status
    raise RemoteDisconnected("Remote end closed connection without"
E   urllib3.exceptions.ProtocolError: ('Connection aborted.', RemoteDisconnected('Remote end closed connection without response'))

During handling of the above exception, another exception occurred:
tests/test_techstore_api.py:310: in auth_token_with_cart
    requests.post(f"{BASE_URL}/api/cart",
/root/.venv/lib/python3.11/site-packages/requests/api.py:115: in post
    return request("post", url, data=data, json=json, **kwargs)
           ^^^^^^^^^^^^^^^^^^^^^^^^^^^^^^^^^^^^^^^^^^^^^^^^^^^^
/root/.venv/lib/python3.11/site-packages/requests/api.py:59: in request
    return session.request(method=method, url=url, **kwargs)
           ^^^^^^^^^^^^^^^^^^^^^^^^^^^^^^^^^^^^^^^^^^^^^^^^^
/root/.venv/lib/python3.11/site-packages/requests/sessions.py:592: in request
    resp = self.send(prep, **send_kwargs)
           ^^^^^^^^^^^^^^^^^^^^^^^^^^^^^^
/root/.venv/lib/python3.11/site-packages/requests/sessions.py:706: in send
    r = adapter.send(request, **kwargs)
        ^^^^^^^^^^^^^^^^^^^^^^^^^^^^^^^
/root/.venv/lib/python3.11/site-packages/requests/adapters.py:660: in send
    raise ConnectionError(err, request=request)
E   requests.exceptions.ConnectionError: ('Connection aborted.', RemoteDisconnected('Remote end closed connection without response'))
------- generated xml file: /app/test_reports/pytest/pytest_results.xml --------
=========================== short test summary info ============================
ERROR tests/test_techstore_api.py::TestOrders::test_get_orders - requests.exc...
========================= 19 passed, 1 error in 8.97s ==========================
