<?xml version="1.0" encoding="utf-8"?><testsuites name="pytest tests"><testsuite name="pytest" errors="0" failures="0" skipped="0" tests="5" time="9.080" timestamp="2026-08-31T11:40:05.486056+00:00" hostname="agent-env-654051a1-cdd5-441c-bb0c-7c46b07553bb"><testcase classname="backend.tests.test_ugc_antifraud.TestSubmissionAntiFraud" name="test_five_submissions_from_same_ip_pass_then_sixth_blocked" time="4.138" /><testcase classname="backend.tests.test_ugc_antifraud.TestSubmissionAntiFraud" name="test_sixth_user_from_different_ip_can_still_submit" time="1.269" /><testcase classname="backend.tests.test_ugc_antifraud.TestLikeAntiFraud" name="test_five_liking_accounts_pass_sixth_blocked_toggle_still_works" time="1.673" /><testcase classname="backend.tests.test_ugc_antifraud.TestUGCRegression" name="test_list_sorted_by_likes_with_rank" time="1.011" /><testcase classname="backend.tests.test_ugc_antifraud.TestUGCRegression" name="test_comment_share_view_still_increment" time="0.908" /></testsuite></testsuites>