<?xml version="1.0" encoding="utf-8"?><testsuites name="pytest tests"><testsuite name="pytest" errors="0" failures="0" skipped="0" tests="10" time="4.573" timestamp="2026-08-31T09:48:06.797223+00:00" hostname="agent-env-654051a1-cdd5-441c-bb0c-7c46b07553bb"><testcase classname="backend.tests.test_ugc_competition.TestCreateUGC" name="test_merchant_creates_ugc_competition" time="0.685" /><testcase classname="backend.tests.test_ugc_competition.TestCreateUGC" name="test_get_competition_reflects_type" time="0.477" /><testcase classname="backend.tests.test_ugc_competition.TestCustomerUGCFlow" name="test_customer_submits_video" time="0.088" /><testcase classname="backend.tests.test_ugc_competition.TestCustomerUGCFlow" name="test_second_submission_blocked" time="0.067" /><testcase classname="backend.tests.test_ugc_competition.TestCustomerUGCFlow" name="test_list_videos_includes_rank_and_flags" time="0.065" /><testcase classname="backend.tests.test_ugc_competition.TestCustomerUGCFlow" name="test_like_toggle" time="0.345" /><testcase classname="backend.tests.test_ugc_competition.TestCustomerUGCFlow" name="test_comment_and_list" time="0.277" /><testcase classname="backend.tests.test_ugc_competition.TestCustomerUGCFlow" name="test_share_increments" time="0.188" /><testcase classname="backend.tests.test_ugc_competition.TestCustomerUGCFlow" name="test_view_increments" time="0.338" /><testcase classname="backend.tests.test_ugc_competition.TestAutoFinalize" name="test_three_submissions_and_likes" time="1.955" /></testsuite></testsuites>