<?xml version="1.0" encoding="utf-8"?><testsuites name="pytest tests"><testsuite name="pytest" errors="0" failures="2" skipped="0" tests="5" time="0.864" timestamp="2026-09-26T00:24:41.511268+00:00" hostname="agent-env-654051a1-cdd5-441c-bb0c-7c46b07553bb"><testcase classname="backend.tests.test_v1_14_media_carousel" name="test_posts_total_count" time="0.779" /><testcase classname="backend.tests.test_v1_14_media_carousel" name="test_at_least_30_multi_image_posts" time="0.001"><failure message="AssertionError: only 19 posts have images[] with 2+ items (want &gt;=30). Sample keys: ['author', 'author_id', 'text', 'image', 'images', 'media', 'video', 'type', 'views', 'likes', 'shares', 'liked_by', 'shared_by', 'comments', 'created_at', 'seed_rich', 'id']&#10;assert 19 &gt;= 30&#10; +  where 19 = len([{'author': 'Zenrex Store', 'author_id': '6ab6206871b6ad54069c12a4', 'comments': [{'created_at': '2026-09-11T06:20:56.341671+00:00', 'likes': 18, 'text': 'نصيحة الشحن يبطي شوي', 'user_name': 'لمى القرشي'}, {'created_at': '2026-09-19T10:20:56.341671+00:00', 'likes': 19, 'text': '#x1F525#x1F525#x1F525', 'user_name': 'لجين الحميدي'}, {'created_at': '2026-09-05T21:20:56.341671+00:00', 'likes': 6, 'text': 'انا مشترك من زمان ومبسوط', 'user_name': 'معتز الأحمري'}, {'created_at': '2026-09-09T00:20:56.341671+00:00', 'likes': 0, 'text': 'الله يعطيكم العافية! أفضل متجر تعاملت معه بصراحة #x1F44F', 'user_name': 'نواف العتيبي'}, {'created_at': '2026-09-02T00:20:56.341671+00:00', 'likes': 2, 'text': 'الفرع في العليا مفتوح لين متى؟', 'user_name': 'سعود الحربي'}, {'created_at': '2026-09-12T03:20:56.341671+00:00', 'likes': 40, 'text': 'سعركم أرخص من جرير ومن الحسن!', 'user_name': 'يزيد المالكي'}, ...], 'created_at': '2026-09-25T22:20:56.341671+00:00', ...}, {'author': 'Zenrex Store', 'author_id': '6ab6206871b6ad54069c12a4', 'comments': [{'created_at': '2026-09-06T13:20:56.341671+00:00', 'likes': 25, 'text': 'طلبت ووصل نفس اليوم، شكراً لكم', 'user_name': 'هشام الطويرقي'}, {'created_at': '2026-09-15T05:20:56.341671+00:00',...'likes': 7, 'text': 'تجربتي كانت مو حلوة، رجّعت المنتج', 'user_name': 'فيصل الرشيدي'}, {'created_at': '2026-09-21T21:20:56.341671+00:00', 'likes': 13, 'text': 'سعركم أرخص من جرير ومن الحسن!', 'user_name': 'جواهر الفيصل'}, {'created_at': '2026-08-28T08:20:56.341671+00:00', 'likes': 41, 'text': 'الضمان كم مدة؟', 'user_name': 'ماجد الدوسري'}, ...], 'created_at': '2026-09-22T09:20:56.341671+00:00', ...}, {'author': 'Zenrex Store', 'author_id': '6ab6206871b6ad54069c12a4', 'comments': [{'created_at': '2026-08-27T07:20:56.341671+00:00', 'likes': 26, 'text': 'الفيديو الترويجي بجنن', 'user_name': 'هشام الطويرقي'}, {'created_at': '2026-08-27T19:20:56.341671+00:00', 'likes': 7, 'text': 'شكراً لأنكم تلتزمون بالضمان بدون تعقيدات', 'user_name': 'ريّان القحطاني'}, {'created_at': '2026-08-29T11:20:56.341671+00:00', 'likes': 8, 'text': 'بكم آيفون 17 برو 256 جيجا؟', 'user_name': 'ريّان القحطاني'}, {'created_at': '2026-09-20T14:20:56.341671+00:00', 'likes': 39, 'text': 'الجودة تستاهل السعر', 'user_name': 'ماجد الدوسري'}, {'created_at': '2026-09-18T05:20:56.341671+00:00', 'likes': 25, 'text': 'الضمان كم مدة؟', 'user_name': 'فيصل الرشيدي'}], 'created_at': '2026-09-22T07:20:56.341671+00:00', ...}, ...])">backend/tests/test_v1_14_media_carousel.py:38: in test_at_least_30_multi_image_posts
    assert len(multi) &gt;= 30, f"only {len(multi)} posts have images[] with 2+ items (want &gt;=30). Sample keys: {list(posts[0].keys()) if posts else []}"
E   AssertionError: only 19 posts have images[] with 2+ items (want &gt;=30). Sample keys: ['author', 'author_id', 'text', 'image', 'images', 'media', 'video', 'type', 'views', 'likes', 'shares', 'liked_by', 'shared_by', 'comments', 'created_at', 'seed_rich', 'id']
E   assert 19 &gt;= 30
E    +  where 19 = len([{'author': 'Zenrex Store', 'author_id': '6ab6206871b6ad54069c12a4', 'comments': [{'created_at': '2026-09-11T06:20:56.341671+00:00', 'likes': 18, 'text': 'نصيحة الشحن يبطي شوي', 'user_name': 'لمى القرشي'}, {'created_at': '2026-09-19T10:20:56.341671+00:00', 'likes': 19, 'text': '#x1F525#x1F525#x1F525', 'user_name': 'لجين الحميدي'}, {'created_at': '2026-09-05T21:20:56.341671+00:00', 'likes': 6, 'text': 'انا مشترك من زمان ومبسوط', 'user_name': 'معتز الأحمري'}, {'created_at': '2026-09-09T00:20:56.341671+00:00', 'likes': 0, 'text': 'الله يعطيكم العافية! أفضل متجر تعاملت معه بصراحة #x1F44F', 'user_name': 'نواف العتيبي'}, {'created_at': '2026-09-02T00:20:56.341671+00:00', 'likes': 2, 'text': 'الفرع في العليا مفتوح لين متى؟', 'user_name': 'سعود الحربي'}, {'created_at': '2026-09-12T03:20:56.341671+00:00', 'likes': 40, 'text': 'سعركم أرخص من جرير ومن الحسن!', 'user_name': 'يزيد المالكي'}, ...], 'created_at': '2026-09-25T22:20:56.341671+00:00', ...}, {'author': 'Zenrex Store', 'author_id': '6ab6206871b6ad54069c12a4', 'comments': [{'created_at': '2026-09-06T13:20:56.341671+00:00', 'likes': 25, 'text': 'طلبت ووصل نفس اليوم، شكراً لكم', 'user_name': 'هشام الطويرقي'}, {'created_at': '2026-09-15T05:20:56.341671+00:00',...'likes': 7, 'text': 'تجربتي كانت مو حلوة، رجّعت المنتج', 'user_name': 'فيصل الرشيدي'}, {'created_at': '2026-09-21T21:20:56.341671+00:00', 'likes': 13, 'text': 'سعركم أرخص من جرير ومن الحسن!', 'user_name': 'جواهر الفيصل'}, {'created_at': '2026-08-28T08:20:56.341671+00:00', 'likes': 41, 'text': 'الضمان كم مدة؟', 'user_name': 'ماجد الدوسري'}, ...], 'created_at': '2026-09-22T09:20:56.341671+00:00', ...}, {'author': 'Zenrex Store', 'author_id': '6ab6206871b6ad54069c12a4', 'comments': [{'created_at': '2026-08-27T07:20:56.341671+00:00', 'likes': 26, 'text': 'الفيديو الترويجي بجنن', 'user_name': 'هشام الطويرقي'}, {'created_at': '2026-08-27T19:20:56.341671+00:00', 'likes': 7, 'text': 'شكراً لأنكم تلتزمون بالضمان بدون تعقيدات', 'user_name': 'ريّان القحطاني'}, {'created_at': '2026-08-29T11:20:56.341671+00:00', 'likes': 8, 'text': 'بكم آيفون 17 برو 256 جيجا؟', 'user_name': 'ريّان القحطاني'}, {'created_at': '2026-09-20T14:20:56.341671+00:00', 'likes': 39, 'text': 'الجودة تستاهل السعر', 'user_name': 'ماجد الدوسري'}, {'created_at': '2026-09-18T05:20:56.341671+00:00', 'likes': 25, 'text': 'الضمان كم مدة؟', 'user_name': 'فيصل الرشيدي'}], 'created_at': '2026-09-22T07:20:56.341671+00:00', ...}, ...])</failure></testcase><testcase classname="backend.tests.test_v1_14_media_carousel" name="test_at_least_10_video_posts" time="0.001"><failure message="AssertionError: only 7 posts have Pexels video (want &gt;=10)&#10;assert 7 &gt;= 10&#10; +  where 7 = len([{'author': 'Zenrex Store', 'author_id': '6ab6206871b6ad54069c12a4', 'comments': [{'created_at': '2026-09-09T20:20:56.341671+00:00', 'likes': 35, 'text': 'أنا زبون قديم وباقي معكم', 'user_name': 'سلطان القحطاني'}, {'created_at': '2026-09-22T15:20:56.341671+00:00', 'likes': 34, 'text': 'خدمة العملاء ما ترد بسرعة', 'user_name': 'ماجد الدوسري'}, {'created_at': '2026-09-12T23:20:56.341671+00:00', 'likes': 41, 'text': 'انا مشترك من زمان ومبسوط', 'user_name': 'علي الخيبري'}, {'created_at': '2026-09-24T08:20:56.341671+00:00', 'likes': 10, 'text': '#x1F525#x1F525#x1F525', 'user_name': 'فيصل الرشيدي'}], 'created_at': '2026-09-24T13:20:56.341671+00:00', ...}, {'author': 'Zenrex Store', 'author_id': '6ab6206871b6ad54069c12a4', 'comments': [{'created_at': '2026-09-17T05:20:56.341671+00:00', 'likes': 27, 'text': 'نبي فرع بأبها ياشباب', 'user_name': 'أمل السعيد'}, {'created_at': '2026-09-01T13:20:56.341671+00:00', 'likes': 18, 'text': 'الفيديو الترويجي بجنن', 'user_name': 'إبراهيم البقمي'}, {'created_at': '2026-09-02T19:20:56.341671+00:00', 'likes': 8, 'text': 'سعركم أرخص من جرير ومن الحسن!', 'user_name': 'مها الفهد'}, {'created_at': '2026-09-02T09:20:56.341671+00:00', 'likes': 36, 'text': 'التقسيط عبر تمارا شغ..._at': '2026-09-20T17:20:56.341671+00:00', 'likes': 16, 'text': 'الضمان كم مدة؟', 'user_name': 'ماجد الدوسري'}, {'created_at': '2026-09-23T06:20:56.341671+00:00', 'likes': 2, 'text': 'الله يوفقكم يا رب', 'user_name': 'ريما الشمسي'}], 'created_at': '2026-09-11T09:20:56.341671+00:00', ...}, {'author': 'Zenrex Store', 'author_id': '6ab6206871b6ad54069c12a4', 'comments': [{'created_at': '2026-09-20T08:20:56.341671+00:00', 'likes': 26, 'text': 'نبي فرع بأبها ياشباب', 'user_name': 'سعود الحربي'}, {'created_at': '2026-09-17T12:20:56.341671+00:00', 'likes': 26, 'text': 'سعر ممتاز والخدمة ممتازة', 'user_name': 'يزيد المالكي'}, {'created_at': '2026-09-16T05:20:56.341671+00:00', 'likes': 21, 'text': 'الضمان كم مدة؟', 'user_name': 'لمى القرشي'}, {'created_at': '2026-09-10T01:20:56.341671+00:00', 'likes': 43, 'text': 'بكم آيفون 17 برو 256 جيجا؟', 'user_name': 'نورة الشريف'}, {'created_at': '2026-08-28T12:20:56.341671+00:00', 'likes': 6, 'text': 'تجربتي كانت مو حلوة، رجّعت المنتج', 'user_name': 'لجين الحميدي'}, {'created_at': '2026-09-19T06:20:56.341671+00:00', 'likes': 42, 'text': 'الله يوفقكم يا رب', 'user_name': 'لمى القرشي'}, ...], 'created_at': '2026-09-02T12:20:56.341671+00:00', ...}, ...])">backend/tests/test_v1_14_media_carousel.py:43: in test_at_least_10_video_posts
    assert len(with_video) &gt;= 10, f"only {len(with_video)} posts have Pexels video (want &gt;=10)"
E   AssertionError: only 7 posts have Pexels video (want &gt;=10)
E   assert 7 &gt;= 10
E    +  where 7 = len([{'author': 'Zenrex Store', 'author_id': '6ab6206871b6ad54069c12a4', 'comments': [{'created_at': '2026-09-09T20:20:56.341671+00:00', 'likes': 35, 'text': 'أنا زبون قديم وباقي معكم', 'user_name': 'سلطان القحطاني'}, {'created_at': '2026-09-22T15:20:56.341671+00:00', 'likes': 34, 'text': 'خدمة العملاء ما ترد بسرعة', 'user_name': 'ماجد الدوسري'}, {'created_at': '2026-09-12T23:20:56.341671+00:00', 'likes': 41, 'text': 'انا مشترك من زمان ومبسوط', 'user_name': 'علي الخيبري'}, {'created_at': '2026-09-24T08:20:56.341671+00:00', 'likes': 10, 'text': '#x1F525#x1F525#x1F525', 'user_name': 'فيصل الرشيدي'}], 'created_at': '2026-09-24T13:20:56.341671+00:00', ...}, {'author': 'Zenrex Store', 'author_id': '6ab6206871b6ad54069c12a4', 'comments': [{'created_at': '2026-09-17T05:20:56.341671+00:00', 'likes': 27, 'text': 'نبي فرع بأبها ياشباب', 'user_name': 'أمل السعيد'}, {'created_at': '2026-09-01T13:20:56.341671+00:00', 'likes': 18, 'text': 'الفيديو الترويجي بجنن', 'user_name': 'إبراهيم البقمي'}, {'created_at': '2026-09-02T19:20:56.341671+00:00', 'likes': 8, 'text': 'سعركم أرخص من جرير ومن الحسن!', 'user_name': 'مها الفهد'}, {'created_at': '2026-09-02T09:20:56.341671+00:00', 'likes': 36, 'text': 'التقسيط عبر تمارا شغ..._at': '2026-09-20T17:20:56.341671+00:00', 'likes': 16, 'text': 'الضمان كم مدة؟', 'user_name': 'ماجد الدوسري'}, {'created_at': '2026-09-23T06:20:56.341671+00:00', 'likes': 2, 'text': 'الله يوفقكم يا رب', 'user_name': 'ريما الشمسي'}], 'created_at': '2026-09-11T09:20:56.341671+00:00', ...}, {'author': 'Zenrex Store', 'author_id': '6ab6206871b6ad54069c12a4', 'comments': [{'created_at': '2026-09-20T08:20:56.341671+00:00', 'likes': 26, 'text': 'نبي فرع بأبها ياشباب', 'user_name': 'سعود الحربي'}, {'created_at': '2026-09-17T12:20:56.341671+00:00', 'likes': 26, 'text': 'سعر ممتاز والخدمة ممتازة', 'user_name': 'يزيد المالكي'}, {'created_at': '2026-09-16T05:20:56.341671+00:00', 'likes': 21, 'text': 'الضمان كم مدة؟', 'user_name': 'لمى القرشي'}, {'created_at': '2026-09-10T01:20:56.341671+00:00', 'likes': 43, 'text': 'بكم آيفون 17 برو 256 جيجا؟', 'user_name': 'نورة الشريف'}, {'created_at': '2026-08-28T12:20:56.341671+00:00', 'likes': 6, 'text': 'تجربتي كانت مو حلوة، رجّعت المنتج', 'user_name': 'لجين الحميدي'}, {'created_at': '2026-09-19T06:20:56.341671+00:00', 'likes': 42, 'text': 'الله يوفقكم يا رب', 'user_name': 'لمى القرشي'}, ...], 'created_at': '2026-09-02T12:20:56.341671+00:00', ...}, ...])</failure></testcase><testcase classname="backend.tests.test_v1_14_media_carousel" name="test_video_object_shape" time="0.000" /><testcase classname="backend.tests.test_v1_14_media_carousel" name="test_no_mongo_id_leaked" time="0.000" /></testsuite></testsuites>