<?xml version="1.0" encoding="utf-8"?><testsuites name="pytest tests"><testsuite name="pytest" errors="0" failures="1" skipped="0" tests="38" time="9.995" timestamp="2026-09-25T18:13:52.116210+00:00" hostname="agent-env-654051a1-cdd5-441c-bb0c-7c46b07553bb"><testcase classname="tests.test_zenrex_new_modules.TestShippingMatrix" name="test_cities_list_20" time="0.671" /><testcase classname="tests.test_zenrex_new_modules.TestShippingMatrix" name="test_matrix_seeds_and_returns" time="0.181" /><testcase classname="tests.test_zenrex_new_modules.TestShippingMatrix" name="test_customer_cannot_read_matrix" time="0.554" /><testcase classname="tests.test_zenrex_new_modules.TestShippingMatrix" name="test_matrix_requires_auth" time="0.168" /><testcase classname="tests.test_zenrex_new_modules.TestShippingMatrix" name="test_crud_rule_flow" time="1.100" /><testcase classname="tests.test_zenrex_new_modules.TestShippingMatrix" name="test_shipping_options_infer_city_riyadh" time="0.133" /><testcase classname="tests.test_zenrex_new_modules.TestShippingMatrix" name="test_shipping_options_explicit_jeddah" time="0.130" /><testcase classname="tests.test_zenrex_new_modules.TestShippingMatrix" name="test_shipping_options_over_weight_filtered" time="0.148" /><testcase classname="tests.test_zenrex_new_modules.TestRMA" name="test_reasons_and_resolutions" time="0.214" /><testcase classname="tests.test_zenrex_new_modules.TestRMA" name="test_product_return_policy" time="0.600" /><testcase classname="tests.test_zenrex_new_modules.TestRMA" name="test_return_policy_invalid_id" time="0.275" /><testcase classname="tests.test_zenrex_new_modules.TestRMA" name="test_return_policy_not_found" time="0.132" /><testcase classname="tests.test_zenrex_new_modules.TestRMA" name="test_returnable_items" time="0.141" /><testcase classname="tests.test_zenrex_new_modules.TestRMA" name="test_returnable_forbids_other_user" time="0.147" /><testcase classname="tests.test_zenrex_new_modules.TestRMA" name="test_create_rma_changed_mind" time="0.179" /><testcase classname="tests.test_zenrex_new_modules.TestRMA" name="test_create_rma_defective_requires_media" time="0.272" /><testcase classname="tests.test_zenrex_new_modules.TestRMA" name="test_create_rma_invalid_reason" time="0.190" /><testcase classname="tests.test_zenrex_new_modules.TestRMA" name="test_create_rma_invalid_order_id" time="0.156" /><testcase classname="tests.test_zenrex_new_modules.TestRMA" name="test_create_rma_order_not_yours" time="0.168" /><testcase classname="tests.test_zenrex_new_modules.TestRMA" name="test_my_rmas_list" time="0.182" /><testcase classname="tests.test_zenrex_new_modules.TestRMA" name="test_merchant_lists_and_counts" time="0.144" /><testcase classname="tests.test_zenrex_new_modules.TestRMA" name="test_full_approve_and_refund_flow_wallet_credit" time="0.568" /><testcase classname="tests.test_zenrex_new_modules.TestRMA" name="test_reject_flow" time="0.273" /><testcase classname="tests.test_zenrex_new_modules.TestLoyaltyPrograms" name="test_merchant_lists_8_programs" time="0.156" /><testcase classname="tests.test_zenrex_new_modules.TestLoyaltyPrograms" name="test_customer_cannot_list_merchant_programs" time="0.118" /><testcase classname="tests.test_zenrex_new_modules.TestLoyaltyPrograms" name="test_enable_qitaf_and_customer_sees_it" time="0.291" /><testcase classname="tests.test_zenrex_new_modules.TestLoyaltyPrograms" name="test_update_unknown_program_404" time="0.139" /><testcase classname="tests.test_zenrex_new_modules.TestLoyaltyPrograms" name="test_authorize_stub" time="0.144" /><testcase classname="tests.test_zenrex_new_modules.TestLoyaltyPrograms" name="test_authorize_disabled_program" time="0.313" /><testcase classname="tests.test_zenrex_new_modules.TestLoyaltyPrograms" name="test_redeem_returns_simulated" time="0.265"><failure message="AssertionError: redeem must be marked 'simulated' in DB&#10;assert None is not None">tests/test_zenrex_new_modules.py:493: in test_redeem_returns_simulated
    assert row is not None, "redeem must be marked 'simulated' in DB"
E   AssertionError: redeem must be marked 'simulated' in DB
E   assert None is not None</failure></testcase><testcase classname="tests.test_zenrex_new_modules.TestTenantModules" name="test_public_modules_map" time="0.257" /><testcase classname="tests.test_zenrex_new_modules.TestTenantModules" name="test_merchant_grouped_8_categories" time="0.156" /><testcase classname="tests.test_zenrex_new_modules.TestTenantModules" name="test_toggle_chamber_reflects_publicly" time="0.534" /><testcase classname="tests.test_zenrex_new_modules.TestTenantModules" name="test_toggle_unknown_module_404" time="0.136" /><testcase classname="tests.test_zenrex_new_modules.TestRegression" name="test_checkout_options" time="0.148" /><testcase classname="tests.test_zenrex_new_modules.TestRegression" name="test_loyalty_balance" time="0.125" /><testcase classname="tests.test_zenrex_new_modules.TestRegression" name="test_loyalty_history" time="0.127" /><testcase classname="tests.test_zenrex_new_modules.TestRegression" name="test_delivery_quote" time="0.144" /></testsuite></testsuites>